[1.02.2026, 16:59:13] Magneto App Initialized
[1.02.2026, 16:59:13] Accessibility Access Enabled. Good to go.
[1.02.2026, 16:59:13] Successfully registered hotkey ID: 1
[1.02.2026, 16:59:13] Successfully registered hotkey ID: 2
[1.02.2026, 16:59:13] Successfully registered hotkey ID: 3
[1.02.2026, 16:59:19] Attempting to snap window to rightHalf
[1.02.2026, 16:59:19] No focused window found. Check Accessibility Permissions.
[1.02.2026, 16:59:21] Attempting to snap window to leftHalf
[1.02.2026, 16:59:21] No focused window found. Check Accessibility Permissions.
[1.02.2026, 16:59:22] Attempting to snap window to maximize
[1.02.2026, 16:59:22] No focused window found. Check Accessibility Permissions.
[1.02.2026, 16:59:25] Attempting to snap window to leftHalf
[1.02.2026, 16:59:25] No focused window found. Check Accessibility Permissions.
[1.02.2026, 16:59:37] Hotkey pressed: 1
[1.02.2026, 16:59:37] Attempting to snap window to leftHalf
[1.02.2026, 16:59:37] No focused window found. Check Accessibility Permissions.
[1.02.2026, 16:59:37] Hotkey pressed: 2
[1.02.2026, 16:59:37] Attempting to snap window to rightHalf
[1.02.2026, 16:59:37] No focused window found. Check Accessibility Permissions.
[1.02.2026, 16:59:38] Hotkey pressed: 1
[1.02.2026, 16:59:38] Attempting to snap window to leftHalf
[1.02.2026, 16:59:38] No focused window found. Check Accessibility Permissions.
[1.02.2026, 16:59:38] Hotkey pressed: 2
[1.02.2026, 16:59:38] Attempting to snap window to rightHalf
[1.02.2026, 16:59:38] No focused window found. Check Accessibility Permissions.
[1.02.2026, 16:59:38] Hotkey pressed: 1
[1.02.2026, 16:59:38] Attempting to snap window to leftHalf
[1.02.2026, 16:59:38] No focused window found. Check Accessibility Permissions.
[1.02.2026, 16:59:38] Hotkey pressed: 2
[1.02.2026, 16:59:38] Attempting to snap window to rightHalf
[1.02.2026, 16:59:38] No focused window found. Check Accessibility Permissions.
[1.02.2026, 16:59:38] Hotkey pressed: 1
[1.02.2026, 16:59:38] Attempting to snap window to leftHalf
[1.02.2026, 16:59:38] No focused window found. Check Accessibility Permissions.
[1.02.2026, 16:59:38] Hotkey pressed: 2
[1.02.2026, 16:59:38] Attempting to snap window to rightHalf
[1.02.2026, 16:59:38] No focused window found. Check Accessibility Permissions.
[1.02.2026, 16:59:38] Hotkey pressed: 1
[1.02.2026, 16:59:38] Attempting to snap window to leftHalf
[1.02.2026, 16:59:38] No focused window found. Check Accessibility Permissions.
[1.02.2026, 16:59:38] Hotkey pressed: 2
[1.02.2026, 16:59:38] Attempting to snap window to rightHalf
[1.02.2026, 16:59:38] No focused window found. Check Accessibility Permissions.
[1.02.2026, 16:59:38] Hotkey pressed: 1
[1.02.2026, 16:59:38] Attempting to snap window to leftHalf
[1.02.2026, 16:59:38] No focused window found. Check Accessibility Permissions.
[1.02.2026, 16:59:39] Hotkey pressed: 3
[1.02.2026, 16:59:39] Attempting to snap window to maximize
[1.02.2026, 16:59:39] No focused window found. Check Accessibility Permissions.
[1.02.2026, 16:59:39] Hotkey pressed: 2
[1.02.2026, 16:59:39] Attempting to snap window to rightHalf
[1.02.2026, 16:59:39] No focused window found. Check Accessibility Permissions.
[1.02.2026, 16:59:39] Hotkey pressed: 1
[1.02.2026, 16:59:39] Attempting to snap window to leftHalf
[1.02.2026, 16:59:39] No focused window found. Check Accessibility Permissions.
[1.02.2026, 16:59:39] Hotkey pressed: 2
[1.02.2026, 16:59:39] Attempting to snap window to rightHalf
[1.02.2026, 16:59:39] No focused window found. Check Accessibility Permissions.
[1.02.2026, 16:59:39] Hotkey pressed: 1
[1.02.2026, 16:59:39] Attempting to snap window to leftHalf
[1.02.2026, 16:59:39] No focused window found. Check Accessibility Permissions.
[1.02.2026, 16:59:40] Hotkey pressed: 2
[1.02.2026, 16:59:40] Attempting to snap window to rightHalf
[1.02.2026, 16:59:40] No focused window found. Check Accessibility Permissions.
[1.02.2026, 16:59:40] Hotkey pressed: 3
[1.02.2026, 16:59:40] Attempting to snap window to maximize
[1.02.2026, 16:59:40] No focused window found. Check Accessibility Permissions.
[1.02.2026, 16:59:40] Hotkey pressed: 1
[1.02.2026, 16:59:40] Attempting to snap window to leftHalf
[1.02.2026, 16:59:40] No focused window found. Check Accessibility Permissions.
[1.02.2026, 16:59:40] Hotkey pressed: 3
[1.02.2026, 16:59:40] Attempting to snap window to maximize
[1.02.2026, 16:59:40] No focused window found. Check Accessibility Permissions.
[1.02.2026, 16:59:40] Hotkey pressed: 1
[1.02.2026, 16:59:40] Attempting to snap window to leftHalf
[1.02.2026, 16:59:40] No focused window found. Check Accessibility Permissions.
[1.02.2026, 16:59:40] Hotkey pressed: 1
[1.02.2026, 16:59:40] Attempting to snap window to leftHalf
[1.02.2026, 16:59:40] No focused window found. Check Accessibility Permissions.
[1.02.2026, 17:02:56] Magneto App Initialized
[1.02.2026, 17:02:56] Accessibility Access Enabled. Good to go.
[1.02.2026, 17:02:56] Successfully registered hotkey ID: 1
[1.02.2026, 17:02:56] Successfully registered hotkey ID: 2
[1.02.2026, 17:02:56] Successfully registered hotkey ID: 3
[1.02.2026, 17:03:09] Attempting to snap window to leftHalf
[1.02.2026, 17:03:09] Error getting focused element: -25212
[1.02.2026, 17:03:09] No focused window found. Check Accessibility Permissions.
[1.02.2026, 17:03:30] Hotkey pressed: 1
[1.02.2026, 17:03:30] Attempting to snap window to leftHalf
[1.02.2026, 17:03:30] Error getting focused element: -25212
[1.02.2026, 17:03:30] No focused window found. Check Accessibility Permissions.
[1.02.2026, 17:03:30] Hotkey pressed: 2
[1.02.2026, 17:03:30] Attempting to snap window to rightHalf
[1.02.2026, 17:03:30] Error getting focused element: -25212
[1.02.2026, 17:03:30] No focused window found. Check Accessibility Permissions.
[1.02.2026, 17:03:31] Hotkey pressed: 1
[1.02.2026, 17:03:31] Attempting to snap window to leftHalf
[1.02.2026, 17:03:31] Error getting focused element: -25212
[1.02.2026, 17:03:31] No focused window found. Check Accessibility Permissions.
[1.02.2026, 17:03:31] Hotkey pressed: 2
[1.02.2026, 17:03:31] Attempting to snap window to rightHalf
[1.02.2026, 17:03:31] Error getting focused element: -25212
[1.02.2026, 17:03:31] No focused window found. Check Accessibility Permissions.
[1.02.2026, 17:03:31] Hotkey pressed: 1
[1.02.2026, 17:03:31] Attempting to snap window to leftHalf
[1.02.2026, 17:03:31] Error getting focused element: -25212
[1.02.2026, 17:03:31] No focused window found. Check Accessibility Permissions.
[1.02.2026, 17:03:31] Hotkey pressed: 2
[1.02.2026, 17:03:31] Attempting to snap window to rightHalf
[1.02.2026, 17:03:31] Error getting focused element: -25212
[1.02.2026, 17:03:31] No focused window found. Check Accessibility Permissions.
[1.02.2026, 17:03:31] Hotkey pressed: 1
[1.02.2026, 17:03:31] Attempting to snap window to leftHalf
[1.02.2026, 17:03:31] Error getting focused element: -25212
[1.02.2026, 17:03:31] No focused window found. Check Accessibility Permissions.
[1.02.2026, 17:03:31] Hotkey pressed: 2
[1.02.2026, 17:03:31] Attempting to snap window to rightHalf
[1.02.2026, 17:03:31] Error getting focused element: -25212
[1.02.2026, 17:03:31] No focused window found. Check Accessibility Permissions.
[1.02.2026, 17:03:32] Hotkey pressed: 2
[1.02.2026, 17:03:32] Attempting to snap window to rightHalf
[1.02.2026, 17:03:32] Error getting focused element: -25212
[1.02.2026, 17:03:32] No focused window found. Check Accessibility Permissions.
[1.02.2026, 17:03:32] Hotkey pressed: 1
[1.02.2026, 17:03:32] Attempting to snap window to leftHalf
[1.02.2026, 17:03:32] Error getting focused element: -25212
[1.02.2026, 17:03:32] No focused window found. Check Accessibility Permissions.
[1.02.2026, 17:03:32] Hotkey pressed: 2
[1.02.2026, 17:03:32] Attempting to snap window to rightHalf
[1.02.2026, 17:03:32] Error getting focused element: -25212
[1.02.2026, 17:03:32] No focused window found. Check Accessibility Permissions.
[1.02.2026, 17:03:32] Hotkey pressed: 1
[1.02.2026, 17:03:32] Attempting to snap window to leftHalf
[1.02.2026, 17:03:32] Error getting focused element: -25212
[1.02.2026, 17:03:32] No focused window found. Check Accessibility Permissions.
[1.02.2026, 17:03:32] Hotkey pressed: 2
[1.02.2026, 17:03:32] Attempting to snap window to rightHalf
[1.02.2026, 17:03:32] Error getting focused element: -25212
[1.02.2026, 17:03:32] No focused window found. Check Accessibility Permissions.
[1.02.2026, 17:03:32] Hotkey pressed: 1
[1.02.2026, 17:03:32] Attempting to snap window to leftHalf
[1.02.2026, 17:03:32] Error getting focused element: -25212
[1.02.2026, 17:03:32] No focused window found. Check Accessibility Permissions.
[1.02.2026, 17:03:32] Hotkey pressed: 2
[1.02.2026, 17:03:32] Attempting to snap window to rightHalf
[1.02.2026, 17:03:32] Error getting focused element: -25212
[1.02.2026, 17:03:32] No focused window found. Check Accessibility Permissions.
[1.02.2026, 17:03:32] Hotkey pressed: 1
[1.02.2026, 17:03:32] Attempting to snap window to leftHalf
[1.02.2026, 17:03:32] Error getting focused element: -25212
[1.02.2026, 17:03:32] No focused window found. Check Accessibility Permissions.
[1.02.2026, 17:03:32] Hotkey pressed: 2
[1.02.2026, 17:03:32] Attempting to snap window to rightHalf
[1.02.2026, 17:03:32] Error getting focused element: -25212
[1.02.2026, 17:03:32] No focused window found. Check Accessibility Permissions.
[1.02.2026, 17:03:32] Hotkey pressed: 1
[1.02.2026, 17:03:32] Attempting to snap window to leftHalf
[1.02.2026, 17:03:32] Error getting focused element: -25212
[1.02.2026, 17:03:32] No focused window found. Check Accessibility Permissions.
[1.02.2026, 17:03:32] Hotkey pressed: 3
[1.02.2026, 17:03:32] Attempting to snap window to maximize
[1.02.2026, 17:03:32] Error getting focused element: -25212
[1.02.2026, 17:03:32] No focused window found. Check Accessibility Permissions.
[1.02.2026, 17:03:32] Hotkey pressed: 3
[1.02.2026, 17:03:32] Attempting to snap window to maximize
[1.02.2026, 17:03:32] Error getting focused element: -25212
[1.02.2026, 17:03:32] No focused window found. Check Accessibility Permissions.
[1.02.2026, 17:03:32] Hotkey pressed: 2
[1.02.2026, 17:03:32] Attempting to snap window to rightHalf
[1.02.2026, 17:03:32] Error getting focused element: -25212
[1.02.2026, 17:03:32] No focused window found. Check Accessibility Permissions.
[1.02.2026, 17:03:32] Hotkey pressed: 1
[1.02.2026, 17:03:32] Attempting to snap window to leftHalf
[1.02.2026, 17:03:32] Error getting focused element: -25212
[1.02.2026, 17:03:32] No focused window found. Check Accessibility Permissions.
[1.02.2026, 17:03:33] Hotkey pressed: 2
[1.02.2026, 17:03:33] Attempting to snap window to rightHalf
[1.02.2026, 17:03:33] Error getting focused element: -25212
[1.02.2026, 17:03:33] No focused window found. Check Accessibility Permissions.
[1.02.2026, 17:03:33] Hotkey pressed: 3
[1.02.2026, 17:03:33] Attempting to snap window to maximize
[1.02.2026, 17:03:33] Error getting focused element: -25212
[1.02.2026, 17:03:33] No focused window found. Check Accessibility Permissions.
[1.02.2026, 17:03:33] Hotkey pressed: 1
[1.02.2026, 17:03:33] Attempting to snap window to leftHalf
[1.02.2026, 17:03:33] Error getting focused element: -25212
[1.02.2026, 17:03:33] No focused window found. Check Accessibility Permissions.
[1.02.2026, 17:03:33] Hotkey pressed: 1
[1.02.2026, 17:03:33] Attempting to snap window to leftHalf
[1.02.2026, 17:03:33] Error getting focused element: -25212
[1.02.2026, 17:03:33] No focused window found. Check Accessibility Permissions.
[1.02.2026, 17:03:33] Hotkey pressed: 3
[1.02.2026, 17:03:33] Attempting to snap window to maximize
[1.02.2026, 17:03:33] Error getting focused element: -25212
[1.02.2026, 17:03:33] No focused window found. Check Accessibility Permissions.
[1.02.2026, 17:03:33] Hotkey pressed: 2
[1.02.2026, 17:03:33] Attempting to snap window to rightHalf
[1.02.2026, 17:03:33] Error getting focused element: -25212
[1.02.2026, 17:03:33] No focused window found. Check Accessibility Permissions.
[1.02.2026, 17:03:33] Hotkey pressed: 1
[1.02.2026, 17:03:33] Attempting to snap window to leftHalf
[1.02.2026, 17:03:33] Error getting focused element: -25212
[1.02.2026, 17:03:33] No focused window found. Check Accessibility Permissions.
[1.02.2026, 17:03:33] Hotkey pressed: 2
[1.02.2026, 17:03:33] Attempting to snap window to rightHalf
[1.02.2026, 17:03:33] Error getting focused element: -25212
[1.02.2026, 17:03:33] No focused window found. Check Accessibility Permissions.
[1.02.2026, 17:03:33] Hotkey pressed: 1
[1.02.2026, 17:03:33] Attempting to snap window to leftHalf
[1.02.2026, 17:03:33] Error getting focused element: -25212
[1.02.2026, 17:03:33] No focused window found. Check Accessibility Permissions.
[1.02.2026, 17:03:33] Hotkey pressed: 2
[1.02.2026, 17:03:33] Attempting to snap window to rightHalf
[1.02.2026, 17:03:33] Error getting focused element: -25212
[1.02.2026, 17:03:33] No focused window found. Check Accessibility Permissions.
[1.02.2026, 17:03:33] Hotkey pressed: 1
[1.02.2026, 17:03:33] Attempting to snap window to leftHalf
[1.02.2026, 17:03:33] Error getting focused element: -25212
[1.02.2026, 17:03:33] No focused window found. Check Accessibility Permissions.
[1.02.2026, 17:03:34] Hotkey pressed: 2
[1.02.2026, 17:03:34] Attempting to snap window to rightHalf
[1.02.2026, 17:03:34] Error getting focused element: -25212
[1.02.2026, 17:03:34] No focused window found. Check Accessibility Permissions.
[1.02.2026, 17:03:34] Hotkey pressed: 1
[1.02.2026, 17:03:34] Attempting to snap window to leftHalf
[1.02.2026, 17:03:34] Error getting focused element: -25212
[1.02.2026, 17:03:34] No focused window found. Check Accessibility Permissions.
[1.02.2026, 17:03:34] Hotkey pressed: 2
[1.02.2026, 17:03:34] Attempting to snap window to rightHalf
[1.02.2026, 17:03:34] Error getting focused element: -25212
[1.02.2026, 17:03:34] No focused window found. Check Accessibility Permissions.
[1.02.2026, 17:03:34] Hotkey pressed: 1
[1.02.2026, 17:03:34] Attempting to snap window to leftHalf
[1.02.2026, 17:03:34] Error getting focused element: -25212
[1.02.2026, 17:03:34] No focused window found. Check Accessibility Permissions.
[1.02.2026, 17:03:34] Hotkey pressed: 2
[1.02.2026, 17:03:34] Attempting to snap window to rightHalf
[1.02.2026, 17:03:34] Error getting focused element: -25212
[1.02.2026, 17:03:34] No focused window found. Check Accessibility Permissions.
[1.02.2026, 17:03:34] Hotkey pressed: 1
[1.02.2026, 17:03:34] Attempting to snap window to leftHalf
[1.02.2026, 17:03:34] Error getting focused element: -25212
[1.02.2026, 17:03:34] No focused window found. Check Accessibility Permissions.
[1.02.2026, 17:03:34] Hotkey pressed: 2
[1.02.2026, 17:03:34] Attempting to snap window to rightHalf
[1.02.2026, 17:03:34] Error getting focused element: -25212
[1.02.2026, 17:03:34] No focused window found. Check Accessibility Permissions.
[1.02.2026, 17:03:34] Hotkey pressed: 1
[1.02.2026, 17:03:34] Attempting to snap window to leftHalf
[1.02.2026, 17:03:34] Error getting focused element: -25212
[1.02.2026, 17:03:34] No focused window found. Check Accessibility Permissions.
[1.02.2026, 17:03:34] Hotkey pressed: 2
[1.02.2026, 17:03:34] Attempting to snap window to rightHalf
[1.02.2026, 17:03:34] Error getting focused element: -25212
[1.02.2026, 17:03:34] No focused window found. Check Accessibility Permissions.
[1.02.2026, 17:03:34] Hotkey pressed: 1
[1.02.2026, 17:03:34] Attempting to snap window to leftHalf
[1.02.2026, 17:03:34] Error getting focused element: -25212
[1.02.2026, 17:03:34] No focused window found. Check Accessibility Permissions.
[1.02.2026, 17:03:34] Hotkey pressed: 2
[1.02.2026, 17:03:34] Attempting to snap window to rightHalf
[1.02.2026, 17:03:34] Error getting focused element: -25212
[1.02.2026, 17:03:34] No focused window found. Check Accessibility Permissions.
[1.02.2026, 17:03:35] Hotkey pressed: 1
[1.02.2026, 17:03:35] Attempting to snap window to leftHalf
[1.02.2026, 17:03:35] Error getting focused element: -25212
[1.02.2026, 17:03:35] No focused window found. Check Accessibility Permissions.
[1.02.2026, 17:03:35] Hotkey pressed: 2
[1.02.2026, 17:03:35] Attempting to snap window to rightHalf
[1.02.2026, 17:03:35] Error getting focused element: -25212
[1.02.2026, 17:03:35] No focused window found. Check Accessibility Permissions.
[1.02.2026, 17:03:35] Hotkey pressed: 1
[1.02.2026, 17:03:35] Attempting to snap window to leftHalf
[1.02.2026, 17:03:35] Error getting focused element: -25212
[1.02.2026, 17:03:35] No focused window found. Check Accessibility Permissions.
[1.02.2026, 17:03:35] Hotkey pressed: 2
[1.02.2026, 17:03:35] Attempting to snap window to rightHalf
[1.02.2026, 17:03:35] Error getting focused element: -25212
[1.02.2026, 17:03:35] No focused window found. Check Accessibility Permissions.
[1.02.2026, 17:03:35] Hotkey pressed: 1
[1.02.2026, 17:03:35] Attempting to snap window to leftHalf
[1.02.2026, 17:03:35] Error getting focused element: -25212
[1.02.2026, 17:03:35] No focused window found. Check Accessibility Permissions.
[1.02.2026, 17:03:35] Hotkey pressed: 2
[1.02.2026, 17:03:35] Attempting to snap window to rightHalf
[1.02.2026, 17:03:35] Error getting focused element: -25212
[1.02.2026, 17:03:35] No focused window found. Check Accessibility Permissions.
[1.02.2026, 17:03:35] Hotkey pressed: 1
[1.02.2026, 17:03:35] Attempting to snap window to leftHalf
[1.02.2026, 17:03:35] Error getting focused element: -25212
[1.02.2026, 17:03:35] No focused window found. Check Accessibility Permissions.
[1.02.2026, 17:03:35] Hotkey pressed: 2
[1.02.2026, 17:03:35] Attempting to snap window to rightHalf
[1.02.2026, 17:03:35] Error getting focused element: -25212
[1.02.2026, 17:03:35] No focused window found. Check Accessibility Permissions.
[1.02.2026, 17:03:35] Hotkey pressed: 1
[1.02.2026, 17:03:35] Attempting to snap window to leftHalf
[1.02.2026, 17:03:35] Error getting focused element: -25212
[1.02.2026, 17:03:35] No focused window found. Check Accessibility Permissions.
[1.02.2026, 17:03:36] Hotkey pressed: 2
[1.02.2026, 17:03:36] Attempting to snap window to rightHalf
[1.02.2026, 17:03:36] Error getting focused element: -25212
[1.02.2026, 17:03:36] No focused window found. Check Accessibility Permissions.
[1.02.2026, 17:03:36] Hotkey pressed: 1
[1.02.2026, 17:03:36] Attempting to snap window to leftHalf
[1.02.2026, 17:03:36] Error getting focused element: -25212
[1.02.2026, 17:03:36] No focused window found. Check Accessibility Permissions.
[1.02.2026, 17:03:36] Hotkey pressed: 2
[1.02.2026, 17:03:36] Attempting to snap window to rightHalf
[1.02.2026, 17:03:36] Error getting focused element: -25212
[1.02.2026, 17:03:36] No focused window found. Check Accessibility Permissions.
[1.02.2026, 17:03:36] Hotkey pressed: 1
[1.02.2026, 17:03:36] Attempting to snap window to leftHalf
[1.02.2026, 17:03:36] Error getting focused element: -25212
[1.02.2026, 17:03:36] No focused window found. Check Accessibility Permissions.
[1.02.2026, 17:03:36] Hotkey pressed: 2
[1.02.2026, 17:03:36] Attempting to snap window to rightHalf
[1.02.2026, 17:03:36] Error getting focused element: -25212
[1.02.2026, 17:03:36] No focused window found. Check Accessibility Permissions.
[1.02.2026, 17:03:36] Hotkey pressed: 1
[1.02.2026, 17:03:36] Attempting to snap window to leftHalf
[1.02.2026, 17:03:36] Error getting focused element: -25212
[1.02.2026, 17:03:36] No focused window found. Check Accessibility Permissions.
[1.02.2026, 17:03:36] Hotkey pressed: 2
[1.02.2026, 17:03:36] Attempting to snap window to rightHalf
[1.02.2026, 17:03:36] Error getting focused element: -25212
[1.02.2026, 17:03:36] No focused window found. Check Accessibility Permissions.
[1.02.2026, 17:03:36] Hotkey pressed: 1
[1.02.2026, 17:03:36] Attempting to snap window to leftHalf
[1.02.2026, 17:03:36] Error getting focused element: -25212
[1.02.2026, 17:03:36] No focused window found. Check Accessibility Permissions.
[1.02.2026, 17:03:36] Hotkey pressed: 2
[1.02.2026, 17:03:36] Attempting to snap window to rightHalf
[1.02.2026, 17:03:36] Error getting focused element: -25212
[1.02.2026, 17:03:36] No focused window found. Check Accessibility Permissions.
[1.02.2026, 17:03:36] Hotkey pressed: 1
[1.02.2026, 17:03:36] Attempting to snap window to leftHalf
[1.02.2026, 17:03:36] Error getting focused element: -25212
[1.02.2026, 17:03:36] No focused window found. Check Accessibility Permissions.
[1.02.2026, 17:03:36] Hotkey pressed: 2
[1.02.2026, 17:03:36] Attempting to snap window to rightHalf
[1.02.2026, 17:03:36] Error getting focused element: -25212
[1.02.2026, 17:03:36] No focused window found. Check Accessibility Permissions.
[1.02.2026, 17:03:37] Hotkey pressed: 1
[1.02.2026, 17:03:37] Attempting to snap window to leftHalf
[1.02.2026, 17:03:37] Error getting focused element: -25212
[1.02.2026, 17:03:37] No focused window found. Check Accessibility Permissions.
[1.02.2026, 17:09:15] Magneto App Initialized
[1.02.2026, 17:09:15] Accessibility Access Enabled. Good to go.
[1.02.2026, 17:09:15] Successfully registered hotkey ID: 1
[1.02.2026, 17:09:15] Successfully registered hotkey ID: 2
[1.02.2026, 17:09:15] Successfully registered hotkey ID: 3
[1.02.2026, 17:09:18] Attempting to snap window to leftHalf
[1.02.2026, 17:09:18] Error getting focused element: -25212
[1.02.2026, 17:09:18] No focused window found. Check Accessibility Permissions.
[1.02.2026, 17:09:20] Attempting to snap window to rightHalf
[1.02.2026, 17:09:20] Error getting focused element: -25212
[1.02.2026, 17:09:20] No focused window found. Check Accessibility Permissions.
[1.02.2026, 17:09:21] Attempting to snap window to maximize
[1.02.2026, 17:09:21] Error getting focused element: -25212
[1.02.2026, 17:09:21] No focused window found. Check Accessibility Permissions.
[1.02.2026, 17:09:23] Hotkey pressed: 1
[1.02.2026, 17:09:23] Attempting to snap window to leftHalf
[1.02.2026, 17:09:23] Error getting focused element: -25212
[1.02.2026, 17:09:23] No focused window found. Check Accessibility Permissions.
[1.02.2026, 17:09:24] Hotkey pressed: 2
[1.02.2026, 17:09:24] Attempting to snap window to rightHalf
[1.02.2026, 17:09:24] Error getting focused element: -25212
[1.02.2026, 17:09:24] No focused window found. Check Accessibility Permissions.
[1.02.2026, 17:09:24] Hotkey pressed: 1
[1.02.2026, 17:09:24] Attempting to snap window to leftHalf
[1.02.2026, 17:09:24] Error getting focused element: -25212
[1.02.2026, 17:09:24] No focused window found. Check Accessibility Permissions.
[1.02.2026, 17:09:24] Hotkey pressed: 2
[1.02.2026, 17:09:24] Attempting to snap window to rightHalf
[1.02.2026, 17:09:24] Error getting focused element: -25212
[1.02.2026, 17:09:24] No focused window found. Check Accessibility Permissions.
[1.02.2026, 17:09:24] Hotkey pressed: 1
[1.02.2026, 17:09:24] Attempting to snap window to leftHalf
[1.02.2026, 17:09:24] Error getting focused element: -25212
[1.02.2026, 17:09:24] No focused window found. Check Accessibility Permissions.
[1.02.2026, 17:09:24] Hotkey pressed: 2
[1.02.2026, 17:09:24] Attempting to snap window to rightHalf
[1.02.2026, 17:09:24] Error getting focused element: -25212
[1.02.2026, 17:09:24] No focused window found. Check Accessibility Permissions.
[1.02.2026, 17:09:24] Hotkey pressed: 1
[1.02.2026, 17:09:24] Attempting to snap window to leftHalf
[1.02.2026, 17:09:24] Error getting focused element: -25212
[1.02.2026, 17:09:24] No focused window found. Check Accessibility Permissions.
[1.02.2026, 17:09:24] Hotkey pressed: 1
[1.02.2026, 17:09:24] Attempting to snap window to leftHalf
[1.02.2026, 17:09:24] Error getting focused element: -25212
[1.02.2026, 17:09:24] No focused window found. Check Accessibility Permissions.
[1.02.2026, 17:09:24] Hotkey pressed: 2
[1.02.2026, 17:09:24] Attempting to snap window to rightHalf
[1.02.2026, 17:09:24] Error getting focused element: -25212
[1.02.2026, 17:09:24] No focused window found. Check Accessibility Permissions.
[1.02.2026, 17:09:24] Hotkey pressed: 1
[1.02.2026, 17:09:24] Attempting to snap window to leftHalf
[1.02.2026, 17:09:24] Error getting focused element: -25212
[1.02.2026, 17:09:24] No focused window found. Check Accessibility Permissions.
[1.02.2026, 17:09:25] Hotkey pressed: 1
[1.02.2026, 17:09:25] Attempting to snap window to leftHalf
[1.02.2026, 17:09:25] Error getting focused element: -25212
[1.02.2026, 17:09:25] No focused window found. Check Accessibility Permissions.
[1.02.2026, 17:09:25] Hotkey pressed: 2
[1.02.2026, 17:09:25] Attempting to snap window to rightHalf
[1.02.2026, 17:09:25] Error getting focused element: -25212
[1.02.2026, 17:09:25] No focused window found. Check Accessibility Permissions.
[1.02.2026, 17:09:25] Hotkey pressed: 1
[1.02.2026, 17:09:25] Attempting to snap window to leftHalf
[1.02.2026, 17:09:25] Error getting focused element: -25212
[1.02.2026, 17:09:25] No focused window found. Check Accessibility Permissions.
[1.02.2026, 17:09:25] Hotkey pressed: 2
[1.02.2026, 17:09:25] Attempting to snap window to rightHalf
[1.02.2026, 17:09:25] Error getting focused element: -25212
[1.02.2026, 17:09:25] No focused window found. Check Accessibility Permissions.
[1.02.2026, 17:09:25] Hotkey pressed: 1
[1.02.2026, 17:09:25] Attempting to snap window to leftHalf
[1.02.2026, 17:09:25] Error getting focused element: -25212
[1.02.2026, 17:09:25] No focused window found. Check Accessibility Permissions.
[1.02.2026, 17:09:25] Hotkey pressed: 1
[1.02.2026, 17:09:25] Attempting to snap window to leftHalf
[1.02.2026, 17:09:25] Error getting focused element: -25212
[1.02.2026, 17:09:25] No focused window found. Check Accessibility Permissions.
[1.02.2026, 17:09:25] Hotkey pressed: 2
[1.02.2026, 17:09:25] Attempting to snap window to rightHalf
[1.02.2026, 17:09:25] Error getting focused element: -25212
[1.02.2026, 17:09:25] No focused window found. Check Accessibility Permissions.
[1.02.2026, 17:09:25] Hotkey pressed: 1
[1.02.2026, 17:09:25] Attempting to snap window to leftHalf
[1.02.2026, 17:09:25] Error getting focused element: -25212
[1.02.2026, 17:09:25] No focused window found. Check Accessibility Permissions.
[1.02.2026, 17:09:25] Hotkey pressed: 3
[1.02.2026, 17:09:25] Attempting to snap window to maximize
[1.02.2026, 17:09:25] Error getting focused element: -25212
[1.02.2026, 17:09:25] No focused window found. Check Accessibility Permissions.
[1.02.2026, 17:09:26] Hotkey pressed: 3
[1.02.2026, 17:09:26] Attempting to snap window to maximize
[1.02.2026, 17:09:26] Error getting focused element: -25212
[1.02.2026, 17:09:26] No focused window found. Check Accessibility Permissions.
[1.02.2026, 17:09:26] Hotkey pressed: 3
[1.02.2026, 17:09:26] Attempting to snap window to maximize
[1.02.2026, 17:09:26] Error getting focused element: -25212
[1.02.2026, 17:09:26] No focused window found. Check Accessibility Permissions.
[1.02.2026, 17:09:26] Hotkey pressed: 1
[1.02.2026, 17:09:26] Attempting to snap window to leftHalf
[1.02.2026, 17:09:26] Error getting focused element: -25212
[1.02.2026, 17:09:26] No focused window found. Check Accessibility Permissions.
[1.02.2026, 17:09:26] Hotkey pressed: 2
[1.02.2026, 17:09:26] Attempting to snap window to rightHalf
[1.02.2026, 17:09:26] Error getting focused element: -25212
[1.02.2026, 17:09:26] No focused window found. Check Accessibility Permissions.
[1.02.2026, 17:09:26] Hotkey pressed: 3
[1.02.2026, 17:09:26] Attempting to snap window to maximize
[1.02.2026, 17:09:26] Error getting focused element: -25212
[1.02.2026, 17:09:26] No focused window found. Check Accessibility Permissions.
[1.02.2026, 17:09:26] Hotkey pressed: 1
[1.02.2026, 17:09:26] Attempting to snap window to leftHalf
[1.02.2026, 17:09:26] Error getting focused element: -25212
[1.02.2026, 17:09:26] No focused window found. Check Accessibility Permissions.
[1.02.2026, 17:09:26] Hotkey pressed: 2
[1.02.2026, 17:09:26] Attempting to snap window to rightHalf
[1.02.2026, 17:09:26] Error getting focused element: -25212
[1.02.2026, 17:09:26] No focused window found. Check Accessibility Permissions.
[1.02.2026, 17:09:26] Hotkey pressed: 3
[1.02.2026, 17:09:26] Attempting to snap window to maximize
[1.02.2026, 17:09:26] Error getting focused element: -25212
[1.02.2026, 17:09:26] No focused window found. Check Accessibility Permissions.
[1.02.2026, 17:09:26] Hotkey pressed: 1
[1.02.2026, 17:09:26] Attempting to snap window to leftHalf
[1.02.2026, 17:09:26] Error getting focused element: -25212
[1.02.2026, 17:09:26] No focused window found. Check Accessibility Permissions.
[1.02.2026, 17:09:26] Hotkey pressed: 2
[1.02.2026, 17:09:26] Attempting to snap window to rightHalf
[1.02.2026, 17:09:26] Error getting focused element: -25212
[1.02.2026, 17:09:26] No focused window found. Check Accessibility Permissions.
[1.02.2026, 17:09:27] Hotkey pressed: 3
[1.02.2026, 17:09:27] Attempting to snap window to maximize
[1.02.2026, 17:09:27] Error getting focused element: -25212
[1.02.2026, 17:09:27] No focused window found. Check Accessibility Permissions.
[1.02.2026, 17:09:27] Hotkey pressed: 1
[1.02.2026, 17:09:27] Attempting to snap window to leftHalf
[1.02.2026, 17:09:27] Error getting focused element: -25212
[1.02.2026, 17:09:27] No focused window found. Check Accessibility Permissions.
[1.02.2026, 17:09:27] Hotkey pressed: 2
[1.02.2026, 17:09:27] Attempting to snap window to rightHalf
[1.02.2026, 17:09:27] Error getting focused element: -25212
[1.02.2026, 17:09:27] No focused window found. Check Accessibility Permissions.
[1.02.2026, 17:09:27] Hotkey pressed: 1
[1.02.2026, 17:09:27] Attempting to snap window to leftHalf
[1.02.2026, 17:09:27] Error getting focused element: -25212
[1.02.2026, 17:09:27] No focused window found. Check Accessibility Permissions.
[1.02.2026, 17:09:27] Hotkey pressed: 2
[1.02.2026, 17:09:27] Attempting to snap window to rightHalf
[1.02.2026, 17:09:27] Error getting focused element: -25212
[1.02.2026, 17:09:27] No focused window found. Check Accessibility Permissions.
[1.02.2026, 17:09:27] Hotkey pressed: 3
[1.02.2026, 17:09:27] Attempting to snap window to maximize
[1.02.2026, 17:09:27] Error getting focused element: -25212
[1.02.2026, 17:09:27] No focused window found. Check Accessibility Permissions.
[1.02.2026, 17:09:27] Hotkey pressed: 1
[1.02.2026, 17:09:27] Attempting to snap window to leftHalf
[1.02.2026, 17:09:27] Error getting focused element: -25212
[1.02.2026, 17:09:27] No focused window found. Check Accessibility Permissions.
[1.02.2026, 17:09:27] Hotkey pressed: 3
[1.02.2026, 17:09:27] Attempting to snap window to maximize
[1.02.2026, 17:09:27] Error getting focused element: -25212
[1.02.2026, 17:09:27] No focused window found. Check Accessibility Permissions.
[1.02.2026, 17:09:27] Hotkey pressed: 1
[1.02.2026, 17:09:27] Attempting to snap window to leftHalf
[1.02.2026, 17:09:27] Error getting focused element: -25212
[1.02.2026, 17:09:27] No focused window found. Check Accessibility Permissions.
[1.02.2026, 17:09:27] Hotkey pressed: 2
[1.02.2026, 17:09:27] Attempting to snap window to rightHalf
[1.02.2026, 17:09:27] Error getting focused element: -25212
[1.02.2026, 17:09:27] No focused window found. Check Accessibility Permissions.
[1.02.2026, 17:09:27] Hotkey pressed: 1
[1.02.2026, 17:09:27] Attempting to snap window to leftHalf
[1.02.2026, 17:09:27] Error getting focused element: -25212
[1.02.2026, 17:09:27] No focused window found. Check Accessibility Permissions.
[1.02.2026, 17:09:27] Hotkey pressed: 2
[1.02.2026, 17:09:27] Attempting to snap window to rightHalf
[1.02.2026, 17:09:27] Error getting focused element: -25212
[1.02.2026, 17:09:27] No focused window found. Check Accessibility Permissions.
[1.02.2026, 17:09:27] Hotkey pressed: 3
[1.02.2026, 17:09:27] Attempting to snap window to maximize
[1.02.2026, 17:09:27] Error getting focused element: -25212
[1.02.2026, 17:09:27] No focused window found. Check Accessibility Permissions.
[1.02.2026, 17:09:27] Hotkey pressed: 1
[1.02.2026, 17:09:27] Attempting to snap window to leftHalf
[1.02.2026, 17:09:27] Error getting focused element: -25212
[1.02.2026, 17:09:27] No focused window found. Check Accessibility Permissions.
[1.02.2026, 17:09:27] Hotkey pressed: 2
[1.02.2026, 17:09:27] Attempting to snap window to rightHalf
[1.02.2026, 17:09:27] Error getting focused element: -25212
[1.02.2026, 17:09:27] No focused window found. Check Accessibility Permissions.
[1.02.2026, 17:09:27] Hotkey pressed: 3
[1.02.2026, 17:09:27] Attempting to snap window to maximize
[1.02.2026, 17:09:27] Error getting focused element: -25212
[1.02.2026, 17:09:27] No focused window found. Check Accessibility Permissions.
[1.02.2026, 17:09:28] Hotkey pressed: 1
[1.02.2026, 17:09:28] Attempting to snap window to leftHalf
[1.02.2026, 17:09:28] Error getting focused element: -25212
[1.02.2026, 17:09:28] No focused window found. Check Accessibility Permissions.
[1.02.2026, 17:09:28] Hotkey pressed: 2
[1.02.2026, 17:09:28] Attempting to snap window to rightHalf
[1.02.2026, 17:09:28] Error getting focused element: -25212
[1.02.2026, 17:09:28] No focused window found. Check Accessibility Permissions.
[1.02.2026, 17:11:56] Magneto App Initialized
[1.02.2026, 17:11:56] Accessibility Access Enabled. Good to go.
[1.02.2026, 17:11:56] Successfully registered hotkey ID: 1
[1.02.2026, 17:11:56] Successfully registered hotkey ID: 2
[1.02.2026, 17:11:56] Successfully registered hotkey ID: 3
[1.02.2026, 17:12:04] Hotkey pressed: 1
[1.02.2026, 17:12:04] Attempting to snap window to leftHalf
[1.02.2026, 17:12:04] Error getting focused element: -25212
[1.02.2026, 17:12:04] No focused window found. Check Accessibility Permissions.
[1.02.2026, 17:12:04] Hotkey pressed: 2
[1.02.2026, 17:12:04] Attempting to snap window to rightHalf
[1.02.2026, 17:12:04] Error getting focused element: -25212
[1.02.2026, 17:12:04] No focused window found. Check Accessibility Permissions.
[1.02.2026, 17:12:04] Hotkey pressed: 1
[1.02.2026, 17:12:04] Attempting to snap window to leftHalf
[1.02.2026, 17:12:04] Error getting focused element: -25212
[1.02.2026, 17:12:04] No focused window found. Check Accessibility Permissions.
[1.02.2026, 17:12:04] Hotkey pressed: 2
[1.02.2026, 17:12:04] Attempting to snap window to rightHalf
[1.02.2026, 17:12:04] Error getting focused element: -25212
[1.02.2026, 17:12:04] No focused window found. Check Accessibility Permissions.
[1.02.2026, 17:12:04] Hotkey pressed: 1
[1.02.2026, 17:12:04] Attempting to snap window to leftHalf
[1.02.2026, 17:12:04] Error getting focused element: -25212
[1.02.2026, 17:12:04] No focused window found. Check Accessibility Permissions.
[1.02.2026, 17:12:05] Hotkey pressed: 2
[1.02.2026, 17:12:05] Attempting to snap window to rightHalf
[1.02.2026, 17:12:05] Error getting focused element: -25212
[1.02.2026, 17:12:05] No focused window found. Check Accessibility Permissions.
[1.02.2026, 17:12:05] Hotkey pressed: 1
[1.02.2026, 17:12:05] Attempting to snap window to leftHalf
[1.02.2026, 17:12:05] Error getting focused element: -25212
[1.02.2026, 17:12:05] No focused window found. Check Accessibility Permissions.
[1.02.2026, 17:12:05] Hotkey pressed: 2
[1.02.2026, 17:12:05] Attempting to snap window to rightHalf
[1.02.2026, 17:12:05] Error getting focused element: -25212
[1.02.2026, 17:12:05] No focused window found. Check Accessibility Permissions.
[1.02.2026, 17:12:05] Hotkey pressed: 1
[1.02.2026, 17:12:05] Attempting to snap window to leftHalf
[1.02.2026, 17:12:05] Error getting focused element: -25212
[1.02.2026, 17:12:05] No focused window found. Check Accessibility Permissions.
[1.02.2026, 17:12:05] Hotkey pressed: 2
[1.02.2026, 17:12:05] Attempting to snap window to rightHalf
[1.02.2026, 17:12:05] Error getting focused element: -25212
[1.02.2026, 17:12:05] No focused window found. Check Accessibility Permissions.
[1.02.2026, 17:12:05] Hotkey pressed: 1
[1.02.2026, 17:12:05] Attempting to snap window to leftHalf
[1.02.2026, 17:12:05] Error getting focused element: -25212
[1.02.2026, 17:12:05] No focused window found. Check Accessibility Permissions.
[1.02.2026, 17:12:05] Hotkey pressed: 2
[1.02.2026, 17:12:05] Attempting to snap window to rightHalf
[1.02.2026, 17:12:05] Error getting focused element: -25212
[1.02.2026, 17:12:05] No focused window found. Check Accessibility Permissions.
[1.02.2026, 17:12:05] Hotkey pressed: 1
[1.02.2026, 17:12:05] Attempting to snap window to leftHalf
[1.02.2026, 17:12:05] Error getting focused element: -25212
[1.02.2026, 17:12:05] No focused window found. Check Accessibility Permissions.
[1.02.2026, 17:12:05] Hotkey pressed: 2
[1.02.2026, 17:12:05] Attempting to snap window to rightHalf
[1.02.2026, 17:12:05] Error getting focused element: -25212
[1.02.2026, 17:12:05] No focused window found. Check Accessibility Permissions.
[1.02.2026, 17:12:05] Hotkey pressed: 1
[1.02.2026, 17:12:05] Attempting to snap window to leftHalf
[1.02.2026, 17:12:05] Error getting focused element: -25212
[1.02.2026, 17:12:05] No focused window found. Check Accessibility Permissions.
[1.02.2026, 17:12:05] Hotkey pressed: 2
[1.02.2026, 17:12:05] Attempting to snap window to rightHalf
[1.02.2026, 17:12:05] Error getting focused element: -25212
[1.02.2026, 17:12:05] No focused window found. Check Accessibility Permissions.
[1.02.2026, 17:12:05] Hotkey pressed: 1
[1.02.2026, 17:12:05] Attempting to snap window to leftHalf
[1.02.2026, 17:12:05] Error getting focused element: -25212
[1.02.2026, 17:12:05] No focused window found. Check Accessibility Permissions.
[1.02.2026, 17:12:05] Hotkey pressed: 2
[1.02.2026, 17:12:05] Attempting to snap window to rightHalf
[1.02.2026, 17:12:05] Error getting focused element: -25212
[1.02.2026, 17:12:05] No focused window found. Check Accessibility Permissions.
[1.02.2026, 17:12:06] Hotkey pressed: 1
[1.02.2026, 17:12:06] Attempting to snap window to leftHalf
[1.02.2026, 17:12:06] Error getting focused element: -25212
[1.02.2026, 17:12:06] No focused window found. Check Accessibility Permissions.
[1.02.2026, 17:12:06] Hotkey pressed: 2
[1.02.2026, 17:12:06] Attempting to snap window to rightHalf
[1.02.2026, 17:12:06] Error getting focused element: -25212
[1.02.2026, 17:12:06] No focused window found. Check Accessibility Permissions.
[1.02.2026, 17:12:06] Hotkey pressed: 3
[1.02.2026, 17:12:06] Attempting to snap window to maximize
[1.02.2026, 17:12:06] Error getting focused element: -25212
[1.02.2026, 17:12:06] No focused window found. Check Accessibility Permissions.
[1.02.2026, 17:12:06] Hotkey pressed: 1
[1.02.2026, 17:12:06] Attempting to snap window to leftHalf
[1.02.2026, 17:12:06] Error getting focused element: -25212
[1.02.2026, 17:12:06] No focused window found. Check Accessibility Permissions.
[1.02.2026, 17:12:06] Hotkey pressed: 2
[1.02.2026, 17:12:06] Attempting to snap window to rightHalf
[1.02.2026, 17:12:06] Error getting focused element: -25212
[1.02.2026, 17:12:06] No focused window found. Check Accessibility Permissions.
[1.02.2026, 17:12:06] Hotkey pressed: 3
[1.02.2026, 17:12:06] Attempting to snap window to maximize
[1.02.2026, 17:12:06] Error getting focused element: -25212
[1.02.2026, 17:12:06] No focused window found. Check Accessibility Permissions.
[1.02.2026, 17:12:06] Hotkey pressed: 1
[1.02.2026, 17:12:06] Attempting to snap window to leftHalf
[1.02.2026, 17:12:06] Error getting focused element: -25212
[1.02.2026, 17:12:06] No focused window found. Check Accessibility Permissions.
[1.02.2026, 17:12:06] Hotkey pressed: 2
[1.02.2026, 17:12:06] Attempting to snap window to rightHalf
[1.02.2026, 17:12:06] Error getting focused element: -25212
[1.02.2026, 17:12:06] No focused window found. Check Accessibility Permissions.
[1.02.2026, 17:12:06] Hotkey pressed: 3
[1.02.2026, 17:12:06] Attempting to snap window to maximize
[1.02.2026, 17:12:06] Error getting focused element: -25212
[1.02.2026, 17:12:06] No focused window found. Check Accessibility Permissions.
[1.02.2026, 17:12:06] Hotkey pressed: 1
[1.02.2026, 17:12:06] Attempting to snap window to leftHalf
[1.02.2026, 17:12:06] Error getting focused element: -25212
[1.02.2026, 17:12:06] No focused window found. Check Accessibility Permissions.
[1.02.2026, 17:12:06] Hotkey pressed: 2
[1.02.2026, 17:12:06] Attempting to snap window to rightHalf
[1.02.2026, 17:12:06] Error getting focused element: -25212
[1.02.2026, 17:12:06] No focused window found. Check Accessibility Permissions.
[1.02.2026, 17:12:06] Hotkey pressed: 3
[1.02.2026, 17:12:06] Attempting to snap window to maximize
[1.02.2026, 17:12:06] Error getting focused element: -25212
[1.02.2026, 17:12:06] No focused window found. Check Accessibility Permissions.
[1.02.2026, 17:12:06] Hotkey pressed: 1
[1.02.2026, 17:12:06] Attempting to snap window to leftHalf
[1.02.2026, 17:12:06] Error getting focused element: -25212
[1.02.2026, 17:12:06] No focused window found. Check Accessibility Permissions.
[1.02.2026, 17:12:06] Hotkey pressed: 2
[1.02.2026, 17:12:06] Attempting to snap window to rightHalf
[1.02.2026, 17:12:06] Error getting focused element: -25212
[1.02.2026, 17:12:06] No focused window found. Check Accessibility Permissions.
[1.02.2026, 17:12:06] Hotkey pressed: 3
[1.02.2026, 17:12:06] Attempting to snap window to maximize
[1.02.2026, 17:12:06] Error getting focused element: -25212
[1.02.2026, 17:12:06] No focused window found. Check Accessibility Permissions.
[1.02.2026, 17:12:07] Hotkey pressed: 1
[1.02.2026, 17:12:07] Attempting to snap window to leftHalf
[1.02.2026, 17:12:07] Error getting focused element: -25212
[1.02.2026, 17:12:07] No focused window found. Check Accessibility Permissions.
[1.02.2026, 17:12:07] Hotkey pressed: 2
[1.02.2026, 17:12:07] Attempting to snap window to rightHalf
[1.02.2026, 17:12:07] Error getting focused element: -25212
[1.02.2026, 17:12:07] No focused window found. Check Accessibility Permissions.
[1.02.2026, 17:12:07] Hotkey pressed: 3
[1.02.2026, 17:12:07] Attempting to snap window to maximize
[1.02.2026, 17:12:07] Error getting focused element: -25212
[1.02.2026, 17:12:07] No focused window found. Check Accessibility Permissions.
[1.02.2026, 17:12:07] Hotkey pressed: 1
[1.02.2026, 17:12:07] Attempting to snap window to leftHalf
[1.02.2026, 17:12:07] Error getting focused element: -25212
[1.02.2026, 17:12:07] No focused window found. Check Accessibility Permissions.
[1.02.2026, 17:12:07] Hotkey pressed: 2
[1.02.2026, 17:12:07] Attempting to snap window to rightHalf
[1.02.2026, 17:12:07] Error getting focused element: -25212
[1.02.2026, 17:12:07] No focused window found. Check Accessibility Permissions.
[1.02.2026, 17:12:07] Hotkey pressed: 3
[1.02.2026, 17:12:07] Attempting to snap window to maximize
[1.02.2026, 17:12:07] Error getting focused element: -25212
[1.02.2026, 17:12:07] No focused window found. Check Accessibility Permissions.
[1.02.2026, 17:12:07] Hotkey pressed: 1
[1.02.2026, 17:12:07] Attempting to snap window to leftHalf
[1.02.2026, 17:12:07] Error getting focused element: -25212
[1.02.2026, 17:12:07] No focused window found. Check Accessibility Permissions.
[1.02.2026, 17:12:07] Hotkey pressed: 2
[1.02.2026, 17:12:07] Attempting to snap window to rightHalf
[1.02.2026, 17:12:07] Error getting focused element: -25212
[1.02.2026, 17:12:07] No focused window found. Check Accessibility Permissions.
[1.02.2026, 17:12:07] Hotkey pressed: 1
[1.02.2026, 17:12:07] Attempting to snap window to leftHalf
[1.02.2026, 17:12:07] Error getting focused element: -25212
[1.02.2026, 17:12:07] No focused window found. Check Accessibility Permissions.
[1.02.2026, 17:12:07] Hotkey pressed: 3
[1.02.2026, 17:12:07] Attempting to snap window to maximize
[1.02.2026, 17:12:07] Error getting focused element: -25212
[1.02.2026, 17:12:07] No focused window found. Check Accessibility Permissions.
[1.02.2026, 17:12:08] Hotkey pressed: 1
[1.02.2026, 17:12:08] Attempting to snap window to leftHalf
[1.02.2026, 17:12:08] Error getting focused element: -25212
[1.02.2026, 17:12:08] No focused window found. Check Accessibility Permissions.
[1.02.2026, 17:12:08] Hotkey pressed: 2
[1.02.2026, 17:12:08] Attempting to snap window to rightHalf
[1.02.2026, 17:12:08] Error getting focused element: -25212
[1.02.2026, 17:12:08] No focused window found. Check Accessibility Permissions.
[1.02.2026, 17:12:09] Hotkey pressed: 1
[1.02.2026, 17:12:09] Attempting to snap window to leftHalf
[1.02.2026, 17:12:09] Error getting focused element: -25212
[1.02.2026, 17:12:09] No focused window found. Check Accessibility Permissions.
[1.02.2026, 17:12:09] Hotkey pressed: 2
[1.02.2026, 17:12:09] Attempting to snap window to rightHalf
[1.02.2026, 17:12:09] Error getting focused element: -25212
[1.02.2026, 17:12:09] No focused window found. Check Accessibility Permissions.
[1.02.2026, 17:12:09] Hotkey pressed: 1
[1.02.2026, 17:12:09] Attempting to snap window to leftHalf
[1.02.2026, 17:12:09] Error getting focused element: -25212
[1.02.2026, 17:12:09] No focused window found. Check Accessibility Permissions.
[1.02.2026, 17:12:10] Hotkey pressed: 1
[1.02.2026, 17:12:10] Attempting to snap window to leftHalf
[1.02.2026, 17:12:10] Error getting focused element: -25212
[1.02.2026, 17:12:10] No focused window found. Check Accessibility Permissions.
[1.02.2026, 17:12:10] Hotkey pressed: 2
[1.02.2026, 17:12:10] Attempting to snap window to rightHalf
[1.02.2026, 17:12:10] Error getting focused element: -25212
[1.02.2026, 17:12:10] No focused window found. Check Accessibility Permissions.
[1.02.2026, 17:12:10] Hotkey pressed: 1
[1.02.2026, 17:12:10] Attempting to snap window to leftHalf
[1.02.2026, 17:12:10] Error getting focused element: -25212
[1.02.2026, 17:12:10] No focused window found. Check Accessibility Permissions.
[1.02.2026, 17:12:10] Hotkey pressed: 2
[1.02.2026, 17:12:10] Attempting to snap window to rightHalf
[1.02.2026, 17:12:10] Error getting focused element: -25212
[1.02.2026, 17:12:10] No focused window found. Check Accessibility Permissions.
[1.02.2026, 17:12:10] Hotkey pressed: 1
[1.02.2026, 17:12:10] Attempting to snap window to leftHalf
[1.02.2026, 17:12:10] Error getting focused element: -25212
[1.02.2026, 17:12:10] No focused window found. Check Accessibility Permissions.
[1.02.2026, 17:12:10] Hotkey pressed: 2
[1.02.2026, 17:12:10] Attempting to snap window to rightHalf
[1.02.2026, 17:12:10] Error getting focused element: -25212
[1.02.2026, 17:12:10] No focused window found. Check Accessibility Permissions.
[1.02.2026, 17:12:10] Hotkey pressed: 1
[1.02.2026, 17:12:10] Attempting to snap window to leftHalf
[1.02.2026, 17:12:10] Error getting focused element: -25212
[1.02.2026, 17:12:10] No focused window found. Check Accessibility Permissions.
[1.02.2026, 17:12:10] Hotkey pressed: 2
[1.02.2026, 17:12:10] Attempting to snap window to rightHalf
[1.02.2026, 17:12:10] Error getting focused element: -25212
[1.02.2026, 17:12:10] No focused window found. Check Accessibility Permissions.
[1.02.2026, 17:12:20] Hotkey pressed: 2
[1.02.2026, 17:12:20] Attempting to snap window to rightHalf
[1.02.2026, 17:12:20] Successfully snapped window.
[1.02.2026, 17:12:21] Hotkey pressed: 1
[1.02.2026, 17:12:21] Attempting to snap window to leftHalf
[1.02.2026, 17:12:21] Successfully snapped window.
[1.02.2026, 17:12:21] Hotkey pressed: 2
[1.02.2026, 17:12:21] Attempting to snap window to rightHalf
[1.02.2026, 17:12:21] Successfully snapped window.
[1.02.2026, 17:12:21] Hotkey pressed: 1
[1.02.2026, 17:12:21] Attempting to snap window to leftHalf
[1.02.2026, 17:12:21] Successfully snapped window.
[1.02.2026, 17:12:21] Hotkey pressed: 2
[1.02.2026, 17:12:21] Attempting to snap window to rightHalf
[1.02.2026, 17:12:21] Successfully snapped window.
[1.02.2026, 17:12:21] Hotkey pressed: 1
[1.02.2026, 17:12:21] Attempting to snap window to leftHalf
[1.02.2026, 17:12:21] Successfully snapped window.
[1.02.2026, 17:12:24] Hotkey pressed: 1
[1.02.2026, 17:12:24] Attempting to snap window to leftHalf
[1.02.2026, 17:12:24] Successfully snapped window.
[1.02.2026, 17:12:24] Hotkey pressed: 2
[1.02.2026, 17:12:24] Attempting to snap window to rightHalf
[1.02.2026, 17:12:24] Successfully snapped window.
[1.02.2026, 17:12:24] Hotkey pressed: 1
[1.02.2026, 17:12:24] Attempting to snap window to leftHalf
[1.02.2026, 17:12:24] Successfully snapped window.
[1.02.2026, 17:12:24] Hotkey pressed: 2
[1.02.2026, 17:12:24] Attempting to snap window to rightHalf
[1.02.2026, 17:12:24] Successfully snapped window.
[1.02.2026, 17:12:24] Hotkey pressed: 1
[1.02.2026, 17:12:24] Attempting to snap window to leftHalf
[1.02.2026, 17:12:24] Successfully snapped window.
[1.02.2026, 17:12:24] Hotkey pressed: 2
[1.02.2026, 17:12:24] Attempting to snap window to rightHalf
[1.02.2026, 17:12:24] Successfully snapped window.
[1.02.2026, 17:12:25] Hotkey pressed: 1
[1.02.2026, 17:12:25] Attempting to snap window to leftHalf
[1.02.2026, 17:12:25] Successfully snapped window.
[1.02.2026, 17:12:25] Hotkey pressed: 2
[1.02.2026, 17:12:25] Attempting to snap window to rightHalf
[1.02.2026, 17:12:25] Successfully snapped window.
[1.02.2026, 17:12:25] Hotkey pressed: 1
[1.02.2026, 17:12:25] Attempting to snap window to leftHalf
[1.02.2026, 17:12:25] Successfully snapped window.
[1.02.2026, 17:12:25] Hotkey pressed: 2
[1.02.2026, 17:12:25] Attempting to snap window to rightHalf
[1.02.2026, 17:12:25] Successfully snapped window.
[1.02.2026, 17:12:25] Hotkey pressed: 1
[1.02.2026, 17:12:25] Attempting to snap window to leftHalf
[1.02.2026, 17:12:25] Successfully snapped window.
[1.02.2026, 17:12:25] Hotkey pressed: 2
[1.02.2026, 17:12:25] Attempting to snap window to rightHalf
[1.02.2026, 17:12:25] Successfully snapped window.
[1.02.2026, 17:12:25] Hotkey pressed: 1
[1.02.2026, 17:12:25] Attempting to snap window to leftHalf
[1.02.2026, 17:12:25] Successfully snapped window.
[1.02.2026, 17:12:25] Hotkey pressed: 2
[1.02.2026, 17:12:25] Attempting to snap window to rightHalf
[1.02.2026, 17:12:25] Successfully snapped window.
[1.02.2026, 17:12:26] Hotkey pressed: 1
[1.02.2026, 17:12:26] Attempting to snap window to leftHalf
[1.02.2026, 17:12:26] Successfully snapped window.
[1.02.2026, 17:12:26] Hotkey pressed: 2
[1.02.2026, 17:12:26] Attempting to snap window to rightHalf
[1.02.2026, 17:12:26] Successfully snapped window.
[1.02.2026, 17:12:27] Hotkey pressed: 1
[1.02.2026, 17:12:27] Attempting to snap window to leftHalf
[1.02.2026, 17:12:27] Successfully snapped window.
[1.02.2026, 17:12:27] Hotkey pressed: 2
[1.02.2026, 17:12:27] Attempting to snap window to rightHalf
[1.02.2026, 17:12:27] Successfully snapped window.
[1.02.2026, 17:12:27] Hotkey pressed: 2
[1.02.2026, 17:12:27] Attempting to snap window to rightHalf
[1.02.2026, 17:12:27] Successfully snapped window.
[1.02.2026, 17:12:27] Hotkey pressed: 1
[1.02.2026, 17:12:27] Attempting to snap window to leftHalf
[1.02.2026, 17:12:27] Successfully snapped window.
[1.02.2026, 17:12:27] Hotkey pressed: 2
[1.02.2026, 17:12:27] Attempting to snap window to rightHalf
[1.02.2026, 17:12:27] Successfully snapped window.
[1.02.2026, 17:12:27] Hotkey pressed: 1
[1.02.2026, 17:12:27] Attempting to snap window to leftHalf
[1.02.2026, 17:12:27] Successfully snapped window.
[1.02.2026, 17:12:27] Hotkey pressed: 2
[1.02.2026, 17:12:27] Attempting to snap window to rightHalf
[1.02.2026, 17:12:27] Successfully snapped window.
[1.02.2026, 17:12:27] Hotkey pressed: 1
[1.02.2026, 17:12:27] Attempting to snap window to leftHalf
[1.02.2026, 17:12:27] Successfully snapped window.
[1.02.2026, 17:13:53] Magneto App Initialized
[1.02.2026, 17:13:53] Accessibility Access Not Enabled. Prompting user...
[1.02.2026, 17:13:53] Successfully registered hotkey ID: 1
[1.02.2026, 17:13:53] Successfully registered hotkey ID: 2
[1.02.2026, 17:13:53] Successfully registered hotkey ID: 3
[1.02.2026, 17:14:03] Hotkey pressed: 1
[1.02.2026, 17:14:04] Attempting to snap window to leftHalf
[1.02.2026, 17:14:04] Failed to set window attributes. Size1: -25200, Pos: -25200, Size2: -25200
[1.02.2026, 17:14:04] Hotkey pressed: 2
[1.02.2026, 17:14:04] Attempting to snap window to rightHalf
[1.02.2026, 17:14:04] Failed to set window attributes. Size1: -25200, Pos: -25200, Size2: -25200
[1.02.2026, 17:14:04] Hotkey pressed: 1
[1.02.2026, 17:14:04] Attempting to snap window to leftHalf
[1.02.2026, 17:14:04] Failed to set window attributes. Size1: -25200, Pos: -25200, Size2: -25200
[1.02.2026, 17:14:06] Hotkey pressed: 1
[1.02.2026, 17:14:06] Attempting to snap window to leftHalf
[1.02.2026, 17:14:06] Error getting focused element: -25212
[1.02.2026, 17:14:06] No focused window found. Check Accessibility Permissions.
[1.02.2026, 17:14:06] Hotkey pressed: 2
[1.02.2026, 17:14:06] Attempting to snap window to rightHalf
[1.02.2026, 17:14:06] Error getting focused element: -25212
[1.02.2026, 17:14:06] No focused window found. Check Accessibility Permissions.
[1.02.2026, 17:14:06] Hotkey pressed: 1
[1.02.2026, 17:14:06] Attempting to snap window to leftHalf
[1.02.2026, 17:14:06] Error getting focused element: -25212
[1.02.2026, 17:14:06] No focused window found. Check Accessibility Permissions.
[1.02.2026, 17:14:06] Hotkey pressed: 1
[1.02.2026, 17:14:06] Attempting to snap window to leftHalf
[1.02.2026, 17:14:06] Error getting focused element: -25212
[1.02.2026, 17:14:06] No focused window found. Check Accessibility Permissions.
[1.02.2026, 17:14:06] Hotkey pressed: 2
[1.02.2026, 17:14:06] Attempting to snap window to rightHalf
[1.02.2026, 17:14:06] Error getting focused element: -25212
[1.02.2026, 17:14:06] No focused window found. Check Accessibility Permissions.
[1.02.2026, 17:14:06] Hotkey pressed: 1
[1.02.2026, 17:14:06] Attempting to snap window to leftHalf
[1.02.2026, 17:14:06] Error getting focused element: -25212
[1.02.2026, 17:14:06] No focused window found. Check Accessibility Permissions.
[1.02.2026, 17:14:06] Hotkey pressed: 2
[1.02.2026, 17:14:06] Attempting to snap window to rightHalf
[1.02.2026, 17:14:06] Error getting focused element: -25212
[1.02.2026, 17:14:06] No focused window found. Check Accessibility Permissions.
[1.02.2026, 17:14:06] Hotkey pressed: 1
[1.02.2026, 17:14:06] Attempting to snap window to leftHalf
[1.02.2026, 17:14:06] Error getting focused element: -25212
[1.02.2026, 17:14:06] No focused window found. Check Accessibility Permissions.
[1.02.2026, 17:14:07] Hotkey pressed: 2
[1.02.2026, 17:14:07] Attempting to snap window to rightHalf
[1.02.2026, 17:14:07] Error getting focused element: -25212
[1.02.2026, 17:14:07] No focused window found. Check Accessibility Permissions.
[1.02.2026, 17:14:07] Hotkey pressed: 1
[1.02.2026, 17:14:07] Attempting to snap window to leftHalf
[1.02.2026, 17:14:07] Error getting focused element: -25212
[1.02.2026, 17:14:07] No focused window found. Check Accessibility Permissions.
[1.02.2026, 17:14:07] Hotkey pressed: 2
[1.02.2026, 17:14:07] Attempting to snap window to rightHalf
[1.02.2026, 17:14:07] Error getting focused element: -25212
[1.02.2026, 17:14:07] No focused window found. Check Accessibility Permissions.
[1.02.2026, 17:14:07] Hotkey pressed: 1
[1.02.2026, 17:14:07] Attempting to snap window to leftHalf
[1.02.2026, 17:14:07] Error getting focused element: -25212
[1.02.2026, 17:14:07] No focused window found. Check Accessibility Permissions.
[1.02.2026, 17:14:07] Hotkey pressed: 2
[1.02.2026, 17:14:07] Attempting to snap window to rightHalf
[1.02.2026, 17:14:07] Error getting focused element: -25212
[1.02.2026, 17:14:07] No focused window found. Check Accessibility Permissions.
[1.02.2026, 17:14:07] Hotkey pressed: 1
[1.02.2026, 17:14:07] Attempting to snap window to leftHalf
[1.02.2026, 17:14:07] Error getting focused element: -25212
[1.02.2026, 17:14:07] No focused window found. Check Accessibility Permissions.
[1.02.2026, 17:14:07] Hotkey pressed: 2
[1.02.2026, 17:14:07] Attempting to snap window to rightHalf
[1.02.2026, 17:14:07] Error getting focused element: -25212
[1.02.2026, 17:14:07] No focused window found. Check Accessibility Permissions.
[1.02.2026, 17:14:07] Hotkey pressed: 2
[1.02.2026, 17:14:07] Attempting to snap window to rightHalf
[1.02.2026, 17:14:07] Error getting focused element: -25212
[1.02.2026, 17:14:07] No focused window found. Check Accessibility Permissions.
[1.02.2026, 17:14:07] Hotkey pressed: 1
[1.02.2026, 17:14:07] Attempting to snap window to leftHalf
[1.02.2026, 17:14:07] Error getting focused element: -25212
[1.02.2026, 17:14:07] No focused window found. Check Accessibility Permissions.
[1.02.2026, 17:14:07] Hotkey pressed: 2
[1.02.2026, 17:14:07] Attempting to snap window to rightHalf
[1.02.2026, 17:14:07] Error getting focused element: -25212
[1.02.2026, 17:14:07] No focused window found. Check Accessibility Permissions.
[1.02.2026, 17:14:07] Hotkey pressed: 1
[1.02.2026, 17:14:07] Attempting to snap window to leftHalf
[1.02.2026, 17:14:07] Error getting focused element: -25212
[1.02.2026, 17:14:07] No focused window found. Check Accessibility Permissions.
[1.02.2026, 17:14:07] Hotkey pressed: 2
[1.02.2026, 17:14:07] Attempting to snap window to rightHalf
[1.02.2026, 17:14:07] Error getting focused element: -25212
[1.02.2026, 17:14:07] No focused window found. Check Accessibility Permissions.
[1.02.2026, 17:14:07] Hotkey pressed: 1
[1.02.2026, 17:14:07] Attempting to snap window to leftHalf
[1.02.2026, 17:14:07] Error getting focused element: -25212
[1.02.2026, 17:14:07] No focused window found. Check Accessibility Permissions.
[1.02.2026, 17:14:08] Hotkey pressed: 1
[1.02.2026, 17:14:08] Attempting to snap window to leftHalf
[1.02.2026, 17:14:08] Error getting focused element: -25212
[1.02.2026, 17:14:08] No focused window found. Check Accessibility Permissions.
[1.02.2026, 17:14:08] Hotkey pressed: 2
[1.02.2026, 17:14:08] Attempting to snap window to rightHalf
[1.02.2026, 17:14:08] Error getting focused element: -25212
[1.02.2026, 17:14:08] No focused window found. Check Accessibility Permissions.
[1.02.2026, 17:14:08] Hotkey pressed: 1
[1.02.2026, 17:14:08] Attempting to snap window to leftHalf
[1.02.2026, 17:14:08] Error getting focused element: -25212
[1.02.2026, 17:14:08] No focused window found. Check Accessibility Permissions.
[1.02.2026, 17:14:08] Hotkey pressed: 2
[1.02.2026, 17:14:08] Attempting to snap window to rightHalf
[1.02.2026, 17:14:08] Error getting focused element: -25212
[1.02.2026, 17:14:08] No focused window found. Check Accessibility Permissions.
[1.02.2026, 17:14:08] Hotkey pressed: 1
[1.02.2026, 17:14:08] Attempting to snap window to leftHalf
[1.02.2026, 17:14:08] Error getting focused element: -25212
[1.02.2026, 17:14:08] No focused window found. Check Accessibility Permissions.
[1.02.2026, 17:14:08] Hotkey pressed: 2
[1.02.2026, 17:14:08] Attempting to snap window to rightHalf
[1.02.2026, 17:14:08] Error getting focused element: -25212
[1.02.2026, 17:14:08] No focused window found. Check Accessibility Permissions.
[1.02.2026, 17:14:08] Hotkey pressed: 1
[1.02.2026, 17:14:08] Attempting to snap window to leftHalf
[1.02.2026, 17:14:08] Error getting focused element: -25212
[1.02.2026, 17:14:08] No focused window found. Check Accessibility Permissions.
[1.02.2026, 17:14:08] Hotkey pressed: 1
[1.02.2026, 17:14:08] Attempting to snap window to leftHalf
[1.02.2026, 17:14:08] Error getting focused element: -25212
[1.02.2026, 17:14:08] No focused window found. Check Accessibility Permissions.
[1.02.2026, 17:14:08] Hotkey pressed: 2
[1.02.2026, 17:14:08] Attempting to snap window to rightHalf
[1.02.2026, 17:14:08] Error getting focused element: -25212
[1.02.2026, 17:14:08] No focused window found. Check Accessibility Permissions.
[1.02.2026, 17:14:09] Hotkey pressed: 1
[1.02.2026, 17:14:09] Attempting to snap window to leftHalf
[1.02.2026, 17:14:09] Error getting focused element: -25212
[1.02.2026, 17:14:09] No focused window found. Check Accessibility Permissions.
[1.02.2026, 17:14:09] Hotkey pressed: 1
[1.02.2026, 17:14:09] Attempting to snap window to leftHalf
[1.02.2026, 17:14:09] Error getting focused element: -25212
[1.02.2026, 17:14:09] No focused window found. Check Accessibility Permissions.
[1.02.2026, 17:14:09] Hotkey pressed: 1
[1.02.2026, 17:14:09] Attempting to snap window to leftHalf
[1.02.2026, 17:14:09] Error getting focused element: -25212
[1.02.2026, 17:14:09] No focused window found. Check Accessibility Permissions.
[1.02.2026, 17:14:09] Hotkey pressed: 2
[1.02.2026, 17:14:09] Attempting to snap window to rightHalf
[1.02.2026, 17:14:09] Error getting focused element: -25212
[1.02.2026, 17:14:09] No focused window found. Check Accessibility Permissions.
[1.02.2026, 17:15:35] Hotkey pressed: 1
[1.02.2026, 17:15:35] Attempting to snap window to leftHalf
[1.02.2026, 17:15:35] Error getting focused element: -25212
[1.02.2026, 17:15:35] No focused window found. Check Accessibility Permissions.
[1.02.2026, 17:15:35] Hotkey pressed: 2
[1.02.2026, 17:15:35] Attempting to snap window to rightHalf
[1.02.2026, 17:15:35] Error getting focused element: -25212
[1.02.2026, 17:15:35] No focused window found. Check Accessibility Permissions.
[1.02.2026, 17:15:36] Hotkey pressed: 1
[1.02.2026, 17:15:36] Attempting to snap window to leftHalf
[1.02.2026, 17:15:36] Error getting focused element: -25212
[1.02.2026, 17:15:36] No focused window found. Check Accessibility Permissions.
[1.02.2026, 17:15:36] Hotkey pressed: 1
[1.02.2026, 17:15:36] Attempting to snap window to leftHalf
[1.02.2026, 17:15:36] Error getting focused element: -25212
[1.02.2026, 17:15:36] No focused window found. Check Accessibility Permissions.
[1.02.2026, 17:15:39] Hotkey pressed: 1
[1.02.2026, 17:15:39] Attempting to snap window to leftHalf
[1.02.2026, 17:15:39] Error getting focused element: -25212
[1.02.2026, 17:15:39] No focused window found. Check Accessibility Permissions.
[1.02.2026, 17:15:39] Hotkey pressed: 2
[1.02.2026, 17:15:39] Attempting to snap window to rightHalf
[1.02.2026, 17:15:39] Error getting focused element: -25212
[1.02.2026, 17:15:39] No focused window found. Check Accessibility Permissions.
[1.02.2026, 17:15:39] Hotkey pressed: 1
[1.02.2026, 17:15:39] Attempting to snap window to leftHalf
[1.02.2026, 17:15:39] Error getting focused element: -25212
[1.02.2026, 17:15:39] No focused window found. Check Accessibility Permissions.
[1.02.2026, 17:15:39] Hotkey pressed: 2
[1.02.2026, 17:15:39] Attempting to snap window to rightHalf
[1.02.2026, 17:15:39] Error getting focused element: -25212
[1.02.2026, 17:15:39] No focused window found. Check Accessibility Permissions.
[1.02.2026, 17:15:39] Hotkey pressed: 1
[1.02.2026, 17:15:39] Attempting to snap window to leftHalf
[1.02.2026, 17:15:39] Error getting focused element: -25212
[1.02.2026, 17:15:39] No focused window found. Check Accessibility Permissions.
[1.02.2026, 17:15:39] Hotkey pressed: 2
[1.02.2026, 17:15:39] Attempting to snap window to rightHalf
[1.02.2026, 17:15:39] Error getting focused element: -25212
[1.02.2026, 17:15:39] No focused window found. Check Accessibility Permissions.
[1.02.2026, 17:15:39] Hotkey pressed: 1
[1.02.2026, 17:15:39] Attempting to snap window to leftHalf
[1.02.2026, 17:15:39] Error getting focused element: -25212
[1.02.2026, 17:15:39] No focused window found. Check Accessibility Permissions.
[1.02.2026, 17:15:39] Hotkey pressed: 2
[1.02.2026, 17:15:39] Attempting to snap window to rightHalf
[1.02.2026, 17:15:39] Error getting focused element: -25212
[1.02.2026, 17:15:39] No focused window found. Check Accessibility Permissions.
[1.02.2026, 17:15:39] Hotkey pressed: 2
[1.02.2026, 17:15:39] Attempting to snap window to rightHalf
[1.02.2026, 17:15:39] Error getting focused element: -25212
[1.02.2026, 17:15:39] No focused window found. Check Accessibility Permissions.
[1.02.2026, 17:15:39] Hotkey pressed: 1
[1.02.2026, 17:15:39] Attempting to snap window to leftHalf
[1.02.2026, 17:15:39] Error getting focused element: -25212
[1.02.2026, 17:15:39] No focused window found. Check Accessibility Permissions.
[1.02.2026, 17:15:40] Hotkey pressed: 2
[1.02.2026, 17:15:40] Attempting to snap window to rightHalf
[1.02.2026, 17:15:40] Error getting focused element: -25212
[1.02.2026, 17:15:40] No focused window found. Check Accessibility Permissions.
[1.02.2026, 17:15:40] Hotkey pressed: 2
[1.02.2026, 17:15:40] Attempting to snap window to rightHalf
[1.02.2026, 17:15:40] Error getting focused element: -25212
[1.02.2026, 17:15:40] No focused window found. Check Accessibility Permissions.
[1.02.2026, 17:15:40] Hotkey pressed: 1
[1.02.2026, 17:15:40] Attempting to snap window to leftHalf
[1.02.2026, 17:15:40] Error getting focused element: -25212
[1.02.2026, 17:15:40] No focused window found. Check Accessibility Permissions.
[1.02.2026, 17:15:40] Hotkey pressed: 2
[1.02.2026, 17:15:40] Attempting to snap window to rightHalf
[1.02.2026, 17:15:40] Error getting focused element: -25212
[1.02.2026, 17:15:40] No focused window found. Check Accessibility Permissions.
[1.02.2026, 17:15:40] Hotkey pressed: 1
[1.02.2026, 17:15:40] Attempting to snap window to leftHalf
[1.02.2026, 17:15:40] Error getting focused element: -25212
[1.02.2026, 17:15:40] No focused window found. Check Accessibility Permissions.
[1.02.2026, 17:15:40] Hotkey pressed: 2
[1.02.2026, 17:15:40] Attempting to snap window to rightHalf
[1.02.2026, 17:15:40] Error getting focused element: -25212
[1.02.2026, 17:15:40] No focused window found. Check Accessibility Permissions.
[1.02.2026, 17:15:40] Hotkey pressed: 1
[1.02.2026, 17:15:40] Attempting to snap window to leftHalf
[1.02.2026, 17:15:40] Error getting focused element: -25212
[1.02.2026, 17:15:40] No focused window found. Check Accessibility Permissions.
[1.02.2026, 17:15:40] Hotkey pressed: 2
[1.02.2026, 17:15:40] Attempting to snap window to rightHalf
[1.02.2026, 17:15:40] Error getting focused element: -25212
[1.02.2026, 17:15:40] No focused window found. Check Accessibility Permissions.
[1.02.2026, 17:15:40] Hotkey pressed: 1
[1.02.2026, 17:15:40] Attempting to snap window to leftHalf
[1.02.2026, 17:15:40] Error getting focused element: -25212
[1.02.2026, 17:15:40] No focused window found. Check Accessibility Permissions.
[1.02.2026, 17:15:40] Hotkey pressed: 2
[1.02.2026, 17:15:40] Attempting to snap window to rightHalf
[1.02.2026, 17:15:40] Error getting focused element: -25212
[1.02.2026, 17:15:40] No focused window found. Check Accessibility Permissions.
[1.02.2026, 17:15:40] Hotkey pressed: 1
[1.02.2026, 17:15:40] Attempting to snap window to leftHalf
[1.02.2026, 17:15:40] Error getting focused element: -25212
[1.02.2026, 17:15:40] No focused window found. Check Accessibility Permissions.
[1.02.2026, 17:15:40] Hotkey pressed: 2
[1.02.2026, 17:15:40] Attempting to snap window to rightHalf
[1.02.2026, 17:15:40] Error getting focused element: -25212
[1.02.2026, 17:15:40] No focused window found. Check Accessibility Permissions.
[1.02.2026, 17:15:41] Hotkey pressed: 1
[1.02.2026, 17:15:41] Attempting to snap window to leftHalf
[1.02.2026, 17:15:41] Error getting focused element: -25212
[1.02.2026, 17:15:41] No focused window found. Check Accessibility Permissions.
[1.02.2026, 17:15:41] Hotkey pressed: 2
[1.02.2026, 17:15:41] Attempting to snap window to rightHalf
[1.02.2026, 17:15:41] Error getting focused element: -25212
[1.02.2026, 17:15:41] No focused window found. Check Accessibility Permissions.
[1.02.2026, 17:15:41] Hotkey pressed: 1
[1.02.2026, 17:15:41] Attempting to snap window to leftHalf
[1.02.2026, 17:15:41] Error getting focused element: -25212
[1.02.2026, 17:15:41] No focused window found. Check Accessibility Permissions.
[1.02.2026, 17:15:41] Hotkey pressed: 1
[1.02.2026, 17:15:41] Attempting to snap window to leftHalf
[1.02.2026, 17:15:41] Error getting focused element: -25212
[1.02.2026, 17:15:41] No focused window found. Check Accessibility Permissions.
[1.02.2026, 17:15:41] Hotkey pressed: 2
[1.02.2026, 17:15:41] Attempting to snap window to rightHalf
[1.02.2026, 17:15:41] Error getting focused element: -25212
[1.02.2026, 17:15:41] No focused window found. Check Accessibility Permissions.
[1.02.2026, 17:15:41] Hotkey pressed: 2
[1.02.2026, 17:15:41] Attempting to snap window to rightHalf
[1.02.2026, 17:15:41] Error getting focused element: -25212
[1.02.2026, 17:15:41] No focused window found. Check Accessibility Permissions.
[1.02.2026, 17:15:41] Hotkey pressed: 2
[1.02.2026, 17:15:41] Attempting to snap window to rightHalf
[1.02.2026, 17:15:41] Error getting focused element: -25212
[1.02.2026, 17:15:41] No focused window found. Check Accessibility Permissions.
[1.02.2026, 17:15:42] Hotkey pressed: 2
[1.02.2026, 17:15:42] Attempting to snap window to rightHalf
[1.02.2026, 17:15:42] Error getting focused element: -25212
[1.02.2026, 17:15:42] No focused window found. Check Accessibility Permissions.
[1.02.2026, 17:17:42] Hotkey pressed: 1
[1.02.2026, 17:17:42] Attempting to snap window to leftHalf
[1.02.2026, 17:17:42] Error getting focused element: -25212
[1.02.2026, 17:17:42] No focused window found. Check Accessibility Permissions.
[1.02.2026, 17:17:42] Hotkey pressed: 2
[1.02.2026, 17:17:42] Attempting to snap window to rightHalf
[1.02.2026, 17:17:42] Error getting focused element: -25212
[1.02.2026, 17:17:42] No focused window found. Check Accessibility Permissions.
[1.02.2026, 17:17:42] Hotkey pressed: 1
[1.02.2026, 17:17:42] Attempting to snap window to leftHalf
[1.02.2026, 17:17:42] Error getting focused element: -25212
[1.02.2026, 17:17:42] No focused window found. Check Accessibility Permissions.
[1.02.2026, 17:17:42] Hotkey pressed: 2
[1.02.2026, 17:17:42] Attempting to snap window to rightHalf
[1.02.2026, 17:17:42] Error getting focused element: -25212
[1.02.2026, 17:17:42] No focused window found. Check Accessibility Permissions.
[1.02.2026, 17:17:42] Hotkey pressed: 1
[1.02.2026, 17:17:42] Attempting to snap window to leftHalf
[1.02.2026, 17:17:42] Error getting focused element: -25212
[1.02.2026, 17:17:42] No focused window found. Check Accessibility Permissions.
[1.02.2026, 17:17:42] Hotkey pressed: 2
[1.02.2026, 17:17:42] Attempting to snap window to rightHalf
[1.02.2026, 17:17:42] Error getting focused element: -25212
[1.02.2026, 17:17:42] No focused window found. Check Accessibility Permissions.
[1.02.2026, 17:17:42] Hotkey pressed: 1
[1.02.2026, 17:17:42] Attempting to snap window to leftHalf
[1.02.2026, 17:17:42] Error getting focused element: -25212
[1.02.2026, 17:17:42] No focused window found. Check Accessibility Permissions.
[1.02.2026, 17:17:43] Hotkey pressed: 2
[1.02.2026, 17:17:43] Attempting to snap window to rightHalf
[1.02.2026, 17:17:43] Error getting focused element: -25212
[1.02.2026, 17:17:43] No focused window found. Check Accessibility Permissions.
[1.02.2026, 17:17:43] Hotkey pressed: 1
[1.02.2026, 17:17:43] Attempting to snap window to leftHalf
[1.02.2026, 17:17:43] Error getting focused element: -25212
[1.02.2026, 17:17:43] No focused window found. Check Accessibility Permissions.
[1.02.2026, 17:17:43] Hotkey pressed: 2
[1.02.2026, 17:17:43] Attempting to snap window to rightHalf
[1.02.2026, 17:17:43] Error getting focused element: -25212
[1.02.2026, 17:17:43] No focused window found. Check Accessibility Permissions.
[1.02.2026, 17:17:46] Attempting to snap window to rightHalf
[1.02.2026, 17:17:46] Error getting focused element: -25212
[1.02.2026, 17:17:46] No focused window found. Check Accessibility Permissions.
[1.02.2026, 17:17:47] Attempting to snap window to leftHalf
[1.02.2026, 17:17:47] Error getting focused element: -25212
[1.02.2026, 17:17:47] No focused window found. Check Accessibility Permissions.
[1.02.2026, 17:24:26] Magneto App Initialized
[1.02.2026, 17:24:26] Accessibility Access Not Enabled. Prompting user...
[1.02.2026, 17:24:26] Successfully registered hotkey ID: 1
[1.02.2026, 17:24:26] Successfully registered hotkey ID: 2
[1.02.2026, 17:24:26] Successfully registered hotkey ID: 3
[1.02.2026, 17:24:38] Hotkey pressed: 1
[1.02.2026, 17:24:38] Attempting to snap window to leftHalf
[1.02.2026, 17:24:38] Error getting focused element: -25212
[1.02.2026, 17:24:38] No focused window found. Check Accessibility Permissions.
[1.02.2026, 17:24:38] Hotkey pressed: 2
[1.02.2026, 17:24:38] Attempting to snap window to rightHalf
[1.02.2026, 17:24:38] Error getting focused element: -25212
[1.02.2026, 17:24:38] No focused window found. Check Accessibility Permissions.
[1.02.2026, 17:24:38] Hotkey pressed: 2
[1.02.2026, 17:24:38] Attempting to snap window to rightHalf
[1.02.2026, 17:24:38] Error getting focused element: -25212
[1.02.2026, 17:24:38] No focused window found. Check Accessibility Permissions.
[1.02.2026, 17:24:38] Hotkey pressed: 1
[1.02.2026, 17:24:38] Attempting to snap window to leftHalf
[1.02.2026, 17:24:38] Error getting focused element: -25212
[1.02.2026, 17:24:38] No focused window found. Check Accessibility Permissions.
[1.02.2026, 17:24:39] Hotkey pressed: 1
[1.02.2026, 17:24:39] Attempting to snap window to leftHalf
[1.02.2026, 17:24:39] Error getting focused element: -25212
[1.02.2026, 17:24:39] No focused window found. Check Accessibility Permissions.
[1.02.2026, 17:24:39] Hotkey pressed: 2
[1.02.2026, 17:24:39] Attempting to snap window to rightHalf
[1.02.2026, 17:24:39] Error getting focused element: -25212
[1.02.2026, 17:24:39] No focused window found. Check Accessibility Permissions.
[1.02.2026, 17:24:39] Hotkey pressed: 1
[1.02.2026, 17:24:39] Attempting to snap window to leftHalf
[1.02.2026, 17:24:39] Error getting focused element: -25212
[1.02.2026, 17:24:39] No focused window found. Check Accessibility Permissions.
[1.02.2026, 17:24:39] Hotkey pressed: 2
[1.02.2026, 17:24:39] Attempting to snap window to rightHalf
[1.02.2026, 17:24:39] Error getting focused element: -25212
[1.02.2026, 17:24:39] No focused window found. Check Accessibility Permissions.
[1.02.2026, 17:24:39] Hotkey pressed: 1
[1.02.2026, 17:24:39] Attempting to snap window to leftHalf
[1.02.2026, 17:24:39] Error getting focused element: -25212
[1.02.2026, 17:24:39] No focused window found. Check Accessibility Permissions.
[1.02.2026, 17:24:39] Hotkey pressed: 2
[1.02.2026, 17:24:39] Attempting to snap window to rightHalf
[1.02.2026, 17:24:39] Error getting focused element: -25212
[1.02.2026, 17:24:39] No focused window found. Check Accessibility Permissions.
[1.02.2026, 17:24:39] Hotkey pressed: 1
[1.02.2026, 17:24:39] Attempting to snap window to leftHalf
[1.02.2026, 17:24:39] Error getting focused element: -25212
[1.02.2026, 17:24:39] No focused window found. Check Accessibility Permissions.
[1.02.2026, 17:24:39] Hotkey pressed: 2
[1.02.2026, 17:24:39] Attempting to snap window to rightHalf
[1.02.2026, 17:24:39] Error getting focused element: -25212
[1.02.2026, 17:24:39] No focused window found. Check Accessibility Permissions.
[1.02.2026, 17:24:39] Hotkey pressed: 1
[1.02.2026, 17:24:39] Attempting to snap window to leftHalf
[1.02.2026, 17:24:39] Error getting focused element: -25212
[1.02.2026, 17:24:39] No focused window found. Check Accessibility Permissions.
[1.02.2026, 17:24:39] Hotkey pressed: 1
[1.02.2026, 17:24:39] Attempting to snap window to leftHalf
[1.02.2026, 17:24:39] Error getting focused element: -25212
[1.02.2026, 17:24:39] No focused window found. Check Accessibility Permissions.
[1.02.2026, 17:24:39] Hotkey pressed: 2
[1.02.2026, 17:24:39] Attempting to snap window to rightHalf
[1.02.2026, 17:24:39] Error getting focused element: -25212
[1.02.2026, 17:24:39] No focused window found. Check Accessibility Permissions.
[1.02.2026, 17:24:39] Hotkey pressed: 1
[1.02.2026, 17:24:39] Attempting to snap window to leftHalf
[1.02.2026, 17:24:39] Error getting focused element: -25212
[1.02.2026, 17:24:39] No focused window found. Check Accessibility Permissions.
[1.02.2026, 17:24:40] Hotkey pressed: 2
[1.02.2026, 17:24:40] Attempting to snap window to rightHalf
[1.02.2026, 17:24:40] Error getting focused element: -25212
[1.02.2026, 17:24:40] No focused window found. Check Accessibility Permissions.
[1.02.2026, 17:24:40] Hotkey pressed: 1
[1.02.2026, 17:24:40] Attempting to snap window to leftHalf
[1.02.2026, 17:24:40] Error getting focused element: -25212
[1.02.2026, 17:24:40] No focused window found. Check Accessibility Permissions.
[1.02.2026, 17:24:40] Hotkey pressed: 2
[1.02.2026, 17:24:40] Attempting to snap window to rightHalf
[1.02.2026, 17:24:40] Error getting focused element: -25212
[1.02.2026, 17:24:40] No focused window found. Check Accessibility Permissions.
[1.02.2026, 17:24:40] Hotkey pressed: 1
[1.02.2026, 17:24:40] Attempting to snap window to leftHalf
[1.02.2026, 17:24:40] Error getting focused element: -25212
[1.02.2026, 17:24:40] No focused window found. Check Accessibility Permissions.
[1.02.2026, 17:24:40] Hotkey pressed: 1
[1.02.2026, 17:24:40] Attempting to snap window to leftHalf
[1.02.2026, 17:24:40] Error getting focused element: -25212
[1.02.2026, 17:24:40] No focused window found. Check Accessibility Permissions.
[1.02.2026, 17:24:40] Hotkey pressed: 2
[1.02.2026, 17:24:40] Attempting to snap window to rightHalf
[1.02.2026, 17:24:40] Error getting focused element: -25212
[1.02.2026, 17:24:40] No focused window found. Check Accessibility Permissions.
[1.02.2026, 17:24:40] Hotkey pressed: 1
[1.02.2026, 17:24:40] Attempting to snap window to leftHalf
[1.02.2026, 17:24:40] Error getting focused element: -25212
[1.02.2026, 17:24:40] No focused window found. Check Accessibility Permissions.
[1.02.2026, 17:24:43] Attempting to snap window to rightHalf
[1.02.2026, 17:24:43] Error getting focused element: -25212
[1.02.2026, 17:24:43] No focused window found. Check Accessibility Permissions.
[1.02.2026, 17:24:45] Attempting to snap window to leftHalf
[1.02.2026, 17:24:45] Error getting focused element: -25212
[1.02.2026, 17:24:45] No focused window found. Check Accessibility Permissions.
[1.02.2026, 17:24:46] Attempting to snap window to maximize
[1.02.2026, 17:24:46] Error getting focused element: -25212
[1.02.2026, 17:24:46] No focused window found. Check Accessibility Permissions.
[1.02.2026, 17:30:31] Magneto App Initialized
[1.02.2026, 17:30:31] Accessibility Access Not Enabled. Prompting user...
[1.02.2026, 17:30:31] Successfully registered hotkey ID: 1
[1.02.2026, 17:30:31] Successfully registered hotkey ID: 2
[1.02.2026, 17:30:31] Successfully registered hotkey ID: 3
[1.02.2026, 17:30:47] Attempting to snap window to rightHalf
[1.02.2026, 17:30:47] Failed to set window attributes. Size1: -25200, Pos: -25200, Size2: -25200
[1.02.2026, 17:30:59] Attempting to snap window to rightHalf
[1.02.2026, 17:30:59] Error getting focused element: -25212
[1.02.2026, 17:30:59] No focused window found. Check Accessibility Permissions.
[1.02.2026, 17:31:01] Attempting to snap window to maximize
[1.02.2026, 17:31:01] Error getting focused element: -25212
[1.02.2026, 17:31:01] No focused window found. Check Accessibility Permissions.
[1.02.2026, 17:31:06] Attempting to snap window to leftHalf
[1.02.2026, 17:31:06] Failed to set window attributes. Size1: -25200, Pos: -25200, Size2: -25200
[1.02.2026, 17:56:05] Magneto App Initialized
[1.02.2026, 17:56:05] Accessibility Access Enabled. Good to go.
[1.02.2026, 17:56:05] Successfully registered hotkey ID: 1
[1.02.2026, 17:56:05] Successfully registered hotkey ID: 2
[1.02.2026, 17:56:05] Successfully registered hotkey ID: 3
[1.02.2026, 17:56:11] Hotkey pressed: 1
[1.02.2026, 17:56:11] Attempting to snap window to leftHalf
[1.02.2026, 17:56:11] Found element with role: AXOutline
[1.02.2026, 17:56:11] Found element with role: AXScrollArea
[1.02.2026, 17:56:11] Found element with role: AXSplitGroup
[1.02.2026, 17:56:11] Found element with role: AXSplitGroup
[1.02.2026, 17:56:11] Found element with role: AXGroup
[1.02.2026, 17:56:11] Found element with role: AXSplitGroup
[1.02.2026, 17:56:11] Found element with role: AXGroup
[1.02.2026, 17:56:11] Found element with role: AXSplitGroup
[1.02.2026, 17:56:11] Found element with role: AXGroup
[1.02.2026, 17:56:11] Found element with role: AXSplitGroup
[1.02.2026, 17:56:11] Could not find a window parent for the focused element.
[1.02.2026, 17:56:11] No focused window found. Check Accessibility Permissions.
[1.02.2026, 17:56:14] Hotkey pressed: 2
[1.02.2026, 17:56:14] Attempting to snap window to rightHalf
[1.02.2026, 17:56:14] Found element with role: AXOutline
[1.02.2026, 17:56:14] Found element with role: AXScrollArea
[1.02.2026, 17:56:14] Found element with role: AXSplitGroup
[1.02.2026, 17:56:14] Found element with role: AXSplitGroup
[1.02.2026, 17:56:14] Found element with role: AXGroup
[1.02.2026, 17:56:14] Found element with role: AXSplitGroup
[1.02.2026, 17:56:14] Found element with role: AXGroup
[1.02.2026, 17:56:14] Found element with role: AXSplitGroup
[1.02.2026, 17:56:14] Found element with role: AXGroup
[1.02.2026, 17:56:14] Found element with role: AXSplitGroup
[1.02.2026, 17:56:14] Could not find a window parent for the focused element.
[1.02.2026, 17:56:14] No focused window found. Check Accessibility Permissions.
[1.02.2026, 17:59:59] Magneto App Initialized
[1.02.2026, 17:59:59] Accessibility Access Enabled. Good to go.
[1.02.2026, 17:59:59] Successfully registered hotkey ID: 1
[1.02.2026, 17:59:59] Successfully registered hotkey ID: 2
[1.02.2026, 17:59:59] Successfully registered hotkey ID: 3
[1.02.2026, 18:00:05] Hotkey pressed: 1
[1.02.2026, 18:00:05] Attempting to snap window to leftHalf
[1.02.2026, 18:00:05] Setting frame for window: Magneto  Magneto.xcodeproj
[1.02.2026, 18:00:06] Successfully snapped window.
[1.02.2026, 18:00:06] Hotkey pressed: 2
[1.02.2026, 18:00:06] Attempting to snap window to rightHalf
[1.02.2026, 18:00:06] Setting frame for window: Magneto  Magneto.xcodeproj
[1.02.2026, 18:00:06] Successfully snapped window.
[1.02.2026, 18:00:07] Hotkey pressed: 1
[1.02.2026, 18:00:07] Attempting to snap window to leftHalf
[1.02.2026, 18:00:07] Setting frame for window: Magneto  Magneto.xcodeproj
[1.02.2026, 18:00:07] Successfully snapped window.
[1.02.2026, 18:00:07] Hotkey pressed: 3
[1.02.2026, 18:00:07] Attempting to snap window to maximize
[1.02.2026, 18:00:07] Setting frame for window: Magneto  Magneto.xcodeproj
[1.02.2026, 18:00:07] Successfully snapped window.
[1.02.2026, 18:00:22] Hotkey pressed: 1
[1.02.2026, 18:00:22] Attempting to snap window to leftHalf
[1.02.2026, 18:00:22] Error getting system focused element: -25212
[1.02.2026, 18:00:22] System-wide focus failed. Trying frontmost app...
[1.02.2026, 18:00:22] Setting frame for window: Anasayfa / X - Google Chrome
[1.02.2026, 18:00:22] Successfully snapped window.
[1.02.2026, 18:00:23] Hotkey pressed: 2
[1.02.2026, 18:00:23] Attempting to snap window to rightHalf
[1.02.2026, 18:00:23] Error getting system focused element: -25212
[1.02.2026, 18:00:23] System-wide focus failed. Trying frontmost app...
[1.02.2026, 18:00:23] Setting frame for window: Anasayfa / X - Google Chrome
[1.02.2026, 18:00:23] Successfully snapped window.
[1.02.2026, 18:00:24] Hotkey pressed: 3
[1.02.2026, 18:00:24] Attempting to snap window to maximize
[1.02.2026, 18:00:24] Error getting system focused element: -25212
[1.02.2026, 18:00:24] System-wide focus failed. Trying frontmost app...
[1.02.2026, 18:00:24] Setting frame for window: Anasayfa / X - Google Chrome
[1.02.2026, 18:00:24] Successfully snapped window.
[1.02.2026, 18:00:25] Hotkey pressed: 1
[1.02.2026, 18:00:25] Attempting to snap window to leftHalf
[1.02.2026, 18:00:25] Error getting system focused element: -25212
[1.02.2026, 18:00:25] System-wide focus failed. Trying frontmost app...
[1.02.2026, 18:00:25] Setting frame for window: Anasayfa / X - Google Chrome
[1.02.2026, 18:00:25] Successfully snapped window.
[1.02.2026, 18:00:26] Hotkey pressed: 2
[1.02.2026, 18:00:26] Attempting to snap window to rightHalf
[1.02.2026, 18:00:26] Error getting system focused element: -25212
[1.02.2026, 18:00:26] System-wide focus failed. Trying frontmost app...
[1.02.2026, 18:00:26] Setting frame for window: Anasayfa / X - Google Chrome
[1.02.2026, 18:00:26] Successfully snapped window.
[1.02.2026, 18:00:26] Hotkey pressed: 1
[1.02.2026, 18:00:26] Attempting to snap window to leftHalf
[1.02.2026, 18:00:26] Error getting system focused element: -25212
[1.02.2026, 18:00:26] System-wide focus failed. Trying frontmost app...
[1.02.2026, 18:00:26] Setting frame for window: Anasayfa / X - Google Chrome
[1.02.2026, 18:00:26] Successfully snapped window.
[1.02.2026, 18:00:26] Hotkey pressed: 2
[1.02.2026, 18:00:26] Attempting to snap window to rightHalf
[1.02.2026, 18:00:26] Error getting system focused element: -25212
[1.02.2026, 18:00:26] System-wide focus failed. Trying frontmost app...
[1.02.2026, 18:00:26] Setting frame for window: Anasayfa / X - Google Chrome
[1.02.2026, 18:00:26] Successfully snapped window.
[1.02.2026, 18:00:27] Hotkey pressed: 1
[1.02.2026, 18:00:27] Attempting to snap window to leftHalf
[1.02.2026, 18:00:27] Error getting system focused element: -25212
[1.02.2026, 18:00:27] System-wide focus failed. Trying frontmost app...
[1.02.2026, 18:00:27] Setting frame for window: Anasayfa / X - Google Chrome
[1.02.2026, 18:00:27] Successfully snapped window.
[1.02.2026, 18:00:27] Hotkey pressed: 2
[1.02.2026, 18:00:27] Attempting to snap window to rightHalf
[1.02.2026, 18:00:27] Error getting system focused element: -25212
[1.02.2026, 18:00:27] System-wide focus failed. Trying frontmost app...
[1.02.2026, 18:00:27] Setting frame for window: Anasayfa / X - Google Chrome
[1.02.2026, 18:00:27] Successfully snapped window.
[1.02.2026, 18:00:27] Hotkey pressed: 1
[1.02.2026, 18:00:27] Attempting to snap window to leftHalf
[1.02.2026, 18:00:27] Error getting system focused element: -25212
[1.02.2026, 18:00:27] System-wide focus failed. Trying frontmost app...
[1.02.2026, 18:00:27] Setting frame for window: Anasayfa / X - Google Chrome
[1.02.2026, 18:00:27] Successfully snapped window.
[1.02.2026, 18:00:28] Hotkey pressed: 2
[1.02.2026, 18:00:28] Attempting to snap window to rightHalf
[1.02.2026, 18:00:28] Error getting system focused element: -25212
[1.02.2026, 18:00:28] System-wide focus failed. Trying frontmost app...
[1.02.2026, 18:00:28] Setting frame for window: Anasayfa / X - Google Chrome
[1.02.2026, 18:00:28] Successfully snapped window.
[1.02.2026, 18:00:28] Hotkey pressed: 3
[1.02.2026, 18:00:28] Attempting to snap window to maximize
[1.02.2026, 18:00:28] Error getting system focused element: -25212
[1.02.2026, 18:00:28] System-wide focus failed. Trying frontmost app...
[1.02.2026, 18:00:28] Setting frame for window: Anasayfa / X - Google Chrome
[1.02.2026, 18:00:28] Successfully snapped window.
[1.02.2026, 18:02:03] Attempting to snap window to rightHalf
[1.02.2026, 18:02:03] Error getting system focused element: -25212
[1.02.2026, 18:02:03] System-wide focus failed. Trying frontmost app...
[1.02.2026, 18:02:03] Setting frame for window: Le Marca Sports (@lemarcaspors_) / X - Google Chrome
[1.02.2026, 18:02:03] Successfully snapped window.
[1.02.2026, 18:02:05] Attempting to snap window to leftHalf
[1.02.2026, 18:02:05] Error getting system focused element: -25212
[1.02.2026, 18:02:05] System-wide focus failed. Trying frontmost app...
[1.02.2026, 18:02:05] Setting frame for window: Le Marca Sports (@lemarcaspors_) / X - Google Chrome
[1.02.2026, 18:02:05] Successfully snapped window.
[1.02.2026, 18:02:07] Attempting to snap window to maximize
[1.02.2026, 18:02:07] Error getting system focused element: -25212
[1.02.2026, 18:02:07] System-wide focus failed. Trying frontmost app...
[1.02.2026, 18:02:07] Setting frame for window: Le Marca Sports (@lemarcaspors_) / X - Google Chrome
[1.02.2026, 18:02:07] Successfully snapped window.
[1.02.2026, 18:05:37] Magneto App Initialized
[1.02.2026, 18:05:37] Accessibility Access Enabled. Good to go.
[1.02.2026, 18:05:37] Successfully registered hotkey ID: 1
[1.02.2026, 18:05:37] Successfully registered hotkey ID: 2
[1.02.2026, 18:05:37] Successfully registered hotkey ID: 3
[1.02.2026, 18:06:19] Hotkey pressed: 2
[1.02.2026, 18:06:19] Attempting to snap window to rightHalf
[1.02.2026, 18:06:19] Error getting system focused element: -25212
[1.02.2026, 18:06:19] System-wide focus failed. Trying frontmost app...
[1.02.2026, 18:06:19] Setting frame for window: lyas' ldrtan Hareket | Ekya Dnyaya Hkmdar Olmaz Kolaj - YouTube - Google Chrome
[1.02.2026, 18:06:19] Successfully snapped window.
[1.02.2026, 18:06:19] Hotkey pressed: 1
[1.02.2026, 18:06:19] Attempting to snap window to leftHalf
[1.02.2026, 18:06:19] Error getting system focused element: -25212
[1.02.2026, 18:06:19] System-wide focus failed. Trying frontmost app...
[1.02.2026, 18:06:19] Setting frame for window: lyas' ldrtan Hareket | Ekya Dnyaya Hkmdar Olmaz Kolaj - YouTube - Google Chrome
[1.02.2026, 18:06:19] Successfully snapped window.
[1.02.2026, 18:06:20] Hotkey pressed: 3
[1.02.2026, 18:06:20] Attempting to snap window to maximize
[1.02.2026, 18:06:20] Error getting system focused element: -25212
[1.02.2026, 18:06:20] System-wide focus failed. Trying frontmost app...
[1.02.2026, 18:06:20] Setting frame for window: lyas' ldrtan Hareket | Ekya Dnyaya Hkmdar Olmaz Kolaj - YouTube - Google Chrome
[1.02.2026, 18:06:20] Successfully snapped window.
[1.02.2026, 18:09:10] Magneto App Initialized
[1.02.2026, 18:09:10] Accessibility Access Enabled. Good to go.
[1.02.2026, 18:09:11] Successfully registered hotkey ID: 1
[1.02.2026, 18:09:11] Successfully registered hotkey ID: 2
[1.02.2026, 18:09:11] Successfully registered hotkey ID: 3
[1.02.2026, 18:09:11] Successfully registered hotkey ID: 4
[1.02.2026, 18:09:18] Attempting to snap window to center
[1.02.2026, 18:09:18] Error getting system focused element: -25212
[1.02.2026, 18:09:18] System-wide focus failed. Trying frontmost app...
[1.02.2026, 18:09:18] Setting frame for window: YouTube - Google Chrome
[1.02.2026, 18:09:18] Successfully snapped window.
[1.02.2026, 18:12:21] Magneto App Initialized
[1.02.2026, 18:12:21] Accessibility Access Enabled. Good to go.
[1.02.2026, 18:12:21] Successfully registered hotkey ID: 1
[1.02.2026, 18:12:21] Successfully registered hotkey ID: 2
[1.02.2026, 18:12:21] Successfully registered hotkey ID: 3
[1.02.2026, 18:12:21] Successfully registered hotkey ID: 4
[1.02.2026, 18:34:49] Magneto App Initialized
[1.02.2026, 18:34:49] Accessibility Access Enabled. Good to go.
[1.02.2026, 18:34:50] Successfully registered hotkey for SnapLeft
[1.02.2026, 18:34:50] Successfully registered hotkey for SnapRight
[1.02.2026, 18:34:50] Successfully registered hotkey for Maximize
[1.02.2026, 18:34:50] Successfully registered hotkey for Center
[1.02.2026, 18:46:50] Magneto App Initialized
[1.02.2026, 18:46:50] Accessibility Access Enabled. Good to go.
[1.02.2026, 18:46:50] Successfully registered hotkey for SnapLeft
[1.02.2026, 18:46:50] Successfully registered hotkey for SnapRight
[1.02.2026, 18:46:50] Successfully registered hotkey for Maximize
[1.02.2026, 18:46:50] Successfully registered hotkey for Center
[1.02.2026, 18:47:08] Successfully registered hotkey for SnapLeft
[1.02.2026, 18:47:08] Successfully registered hotkey for SnapRight
[1.02.2026, 18:47:08] Successfully registered hotkey for Maximize
[1.02.2026, 18:47:08] Successfully registered hotkey for Center
[1.02.2026, 18:47:11] Successfully registered hotkey for SnapLeft
[1.02.2026, 18:47:11] Successfully registered hotkey for SnapRight
[1.02.2026, 18:47:11] Successfully registered hotkey for Maximize
[1.02.2026, 18:47:11] Successfully registered hotkey for Center
[1.02.2026, 18:47:11] Successfully registered hotkey for SnapLeft
[1.02.2026, 18:47:11] Successfully registered hotkey for SnapRight
[1.02.2026, 18:47:11] Successfully registered hotkey for Maximize
[1.02.2026, 18:47:11] Successfully registered hotkey for Center
[1.02.2026, 18:47:12] Successfully registered hotkey for SnapLeft
[1.02.2026, 18:47:12] Successfully registered hotkey for SnapRight
[1.02.2026, 18:47:12] Successfully registered hotkey for Maximize
[1.02.2026, 18:47:12] Successfully registered hotkey for Center
[1.02.2026, 18:47:12] Successfully registered hotkey for SnapLeft
[1.02.2026, 18:47:12] Successfully registered hotkey for SnapRight
[1.02.2026, 18:47:12] Successfully registered hotkey for Maximize
[1.02.2026, 18:47:12] Successfully registered hotkey for Center
[1.02.2026, 18:50:23] Magneto App Initialized
[1.02.2026, 18:50:23] Accessibility Access Enabled. Good to go.
[1.02.2026, 18:50:23] Successfully registered hotkey for SnapLeft
[1.02.2026, 18:50:23] Successfully registered hotkey for SnapRight
[1.02.2026, 18:50:23] Successfully registered hotkey for Maximize
[1.02.2026, 18:50:23] Successfully registered hotkey for Center
[1.02.2026, 18:50:34] Successfully registered hotkey for SnapLeft
[1.02.2026, 18:50:34] Successfully registered hotkey for SnapRight
[1.02.2026, 18:50:34] Successfully registered hotkey for Maximize
[1.02.2026, 18:50:34] Successfully registered hotkey for Center
[1.02.2026 18:55:16] Magneto App Initialized
[1.02.2026 18:55:16] Accessibility Access Enabled. Good to go.
[1.02.2026 18:55:16] Successfully registered hotkey for SnapLeft
[1.02.2026 18:55:16] Successfully registered hotkey for SnapRight
[1.02.2026 18:55:16] Successfully registered hotkey for Maximize
[1.02.2026 18:55:16] Successfully registered hotkey for Center
[1.02.2026 18:57:58] Magneto App Initialized
[1.02.2026 18:57:58] Accessibility Access Enabled. Good to go.
[1.02.2026 18:57:58] Successfully registered hotkey for SnapLeft
[1.02.2026 18:57:58] Successfully registered hotkey for SnapRight
[1.02.2026 18:57:58] Successfully registered hotkey for Maximize
[1.02.2026 18:57:58] Successfully registered hotkey for Center
